Started GET "/" for 127.0.0.1 at 2025-06-29 12:25:01 -0600
  [1m[35m (3.5ms)[0m  [1m[35mCREATE TABLE "schema_migrations" ("version" varchar NOT NULL PRIMARY KEY) /*application='OtakuShop'*/[0m
  [1m[35m (0.1ms)[0m  [1m[35mCREATE TABLE "ar_internal_metadata" ("key" varchar NOT NULL PRIMARY KEY, "value" varchar, "created_at" datetime(6) NOT NULL, "updated_at" datetime(6) NOT NULL) /*application='OtakuShop'*/[0m
  [1m[36mActiveRecord::SchemaMigration Load (0.1ms)[0m  [1m[34mSELECT "schema_migrations"."version" FROM "schema_migrations" ORDER BY "schema_migrations"."version" ASC /*application='OtakuShop'*/[0m
Processing by Rails::WelcomeController#index as HTML
  Rendering /home/casthir/.asdf/installs/ruby/3.4.4/lib/ruby/gems/3.4.0/gems/railties-8.0.2/lib/rails/templates/rails/welcome/index.html.erb
  Rendered /home/casthir/.asdf/installs/ruby/3.4.4/lib/ruby/gems/3.4.0/gems/railties-8.0.2/lib/rails/templates/rails/welcome/index.html.erb (Duration: 0.4ms | GC: 0.0ms)
Completed 200 OK in 23ms (Views: 6.6ms | ActiveRecord: 0.0ms (0 queries, 0 cached) | GC: 5.7ms)


  [1m[36mActiveRecord::InternalMetadata Load (0.2ms)[0m  [1m[34mSELECT * FROM "ar_internal_metadata" WHERE "ar_internal_metadata"."key" = 'environment' ORDER BY "ar_internal_metadata"."key" ASC LIMIT 1 /*application='OtakuShop'*/[0m
  [1m[36mActiveRecord::InternalMetadata Create (1.7ms)[0m  [1m[32mINSERT INTO "ar_internal_metadata" ("key", "value", "created_at", "updated_at") VALUES ('environment', 'development', '2025-06-30 01:14:30.496233', '2025-06-30 01:14:30.496235') RETURNING "key" /*application='OtakuShop'*/[0m
  [1m[36mActiveRecord::SchemaMigration Load (0.0ms)[0m  [1m[34mSELECT "schema_migrations"."version" FROM "schema_migrations" ORDER BY "schema_migrations"."version" ASC /*application='OtakuShop'*/[0m
Migrating to CreateProducts (20250630010636)
  [1m[36mTRANSACTION (0.0ms)[0m  [1m[35mBEGIN immediate TRANSACTION /*application='OtakuShop'*/[0m
  [1m[35m (0.6ms)[0m  [1m[35mCREATE TABLE "products" ("id" integer PRIMARY KEY AUTOINCREMENT NOT NULL, "product_name" varchar NOT NULL, "product_price" decimal(10,2) NOT NULL, "product_description" varchar NOT NULL, "product_stock" integer NOT NULL, "product_tax_id" integer NOT NULL, "created_at" datetime(6) NOT NULL, "updated_at" datetime(6) NOT NULL, CONSTRAINT "fk_rails_192e631d88"
FOREIGN KEY ("product_tax_id")
  REFERENCES "product_taxes" ("id")
) /*application='OtakuShop'*/[0m
  [1m[35m (0.0ms)[0m  [1m[35mCREATE INDEX "index_products_on_product_tax_id" ON "products" ("product_tax_id") /*application='OtakuShop'*/[0m
  [1m[36mActiveRecord::SchemaMigration Create (0.1ms)[0m  [1m[32mINSERT INTO "schema_migrations" ("version") VALUES ('20250630010636') RETURNING "version" /*application='OtakuShop'*/[0m
  [1m[36mTRANSACTION (0.0ms)[0m  [1m[35mCOMMIT TRANSACTION /*application='OtakuShop'*/[0m
  [1m[36mActiveRecord::SchemaMigration Load (0.0ms)[0m  [1m[34mSELECT "schema_migrations"."version" FROM "schema_migrations" ORDER BY "schema_migrations"."version" ASC /*application='OtakuShop'*/[0m
  [1m[36mActiveRecord::SchemaMigration Load (0.0ms)[0m  [1m[34mSELECT "schema_migrations"."version" FROM "schema_migrations" ORDER BY "schema_migrations"."version" ASC /*application='OtakuShop'*/[0m
  [1m[36mActiveRecord::InternalMetadata Load (0.1ms)[0m  [1m[34mSELECT * FROM "ar_internal_metadata" WHERE "ar_internal_metadata"."key" = 'environment' ORDER BY "ar_internal_metadata"."key" ASC LIMIT 1 /*application='OtakuShop'*/[0m
  [1m[36mActiveRecord::SchemaMigration Load (0.0ms)[0m  [1m[34mSELECT "schema_migrations"."version" FROM "schema_migrations" ORDER BY "schema_migrations"."version" ASC /*application='OtakuShop'*/[0m
Migrating to CreateProductTaxes (20250630042018)
  [1m[36mTRANSACTION (0.0ms)[0m  [1m[35mBEGIN immediate TRANSACTION /*application='OtakuShop'*/[0m
  [1m[35m (0.7ms)[0m  [1m[35mCREATE TABLE "product_taxes" ("id" integer PRIMARY KEY AUTOINCREMENT NOT NULL, "tax_name" varchar, "tax_value" decimal, "created_at" datetime(6) NOT NULL, "updated_at" datetime(6) NOT NULL) /*application='OtakuShop'*/[0m
  [1m[36mActiveRecord::SchemaMigration Create (0.1ms)[0m  [1m[32mINSERT INTO "schema_migrations" ("version") VALUES ('20250630042018') RETURNING "version" /*application='OtakuShop'*/[0m
  [1m[36mTRANSACTION (1.4ms)[0m  [1m[35mCOMMIT TRANSACTION /*application='OtakuShop'*/[0m
Migrating to CreateStockHistories (20250630042130)
  [1m[36mTRANSACTION (0.0ms)[0m  [1m[35mBEGIN immediate TRANSACTION /*application='OtakuShop'*/[0m
  [1m[35m (0.5ms)[0m  [1m[35mCREATE TABLE "stock_histories" ("id" integer PRIMARY KEY AUTOINCREMENT NOT NULL, "sh_product" varchar, "sh_move_type" varchar, "sh_cant" integer, "sh_date" datetime(6), "created_at" datetime(6) NOT NULL, "updated_at" datetime(6) NOT NULL) /*application='OtakuShop'*/[0m
  [1m[36mActiveRecord::SchemaMigration Create (0.0ms)[0m  [1m[32mINSERT INTO "schema_migrations" ("version") VALUES ('20250630042130') RETURNING "version" /*application='OtakuShop'*/[0m
  [1m[36mTRANSACTION (0.0ms)[0m  [1m[35mCOMMIT TRANSACTION /*application='OtakuShop'*/[0m
Migrating to CreateMoveTypes (20250630042203)
  [1m[36mTRANSACTION (0.0ms)[0m  [1m[35mBEGIN immediate TRANSACTION /*application='OtakuShop'*/[0m
  [1m[35m (0.6ms)[0m  [1m[35mCREATE TABLE "move_types" ("id" integer PRIMARY KEY AUTOINCREMENT NOT NULL, "mt_name" varchar, "mt_description" varchar, "created_at" datetime(6) NOT NULL, "updated_at" datetime(6) NOT NULL) /*application='OtakuShop'*/[0m
  [1m[36mActiveRecord::SchemaMigration Create (0.1ms)[0m  [1m[32mINSERT INTO "schema_migrations" ("version") VALUES ('20250630042203') RETURNING "version" /*application='OtakuShop'*/[0m
  [1m[36mTRANSACTION (0.0ms)[0m  [1m[35mCOMMIT TRANSACTION /*application='OtakuShop'*/[0m
Migrating to CreateBills (20250630042218)
  [1m[36mTRANSACTION (0.0ms)[0m  [1m[35mBEGIN immediate TRANSACTION /*application='OtakuShop'*/[0m
  [1m[35m (0.5ms)[0m  [1m[35mCREATE TABLE "bills" ("id" integer PRIMARY KEY AUTOINCREMENT NOT NULL, "bill_client" varchar, "bill_date" datetime(6), "bill_subtotal" decimal, "bill_total" decimal, "created_at" datetime(6) NOT NULL, "updated_at" datetime(6) NOT NULL) /*application='OtakuShop'*/[0m
  [1m[36mActiveRecord::SchemaMigration Create (0.1ms)[0m  [1m[32mINSERT INTO "schema_migrations" ("version") VALUES ('20250630042218') RETURNING "version" /*application='OtakuShop'*/[0m
  [1m[36mTRANSACTION (0.0ms)[0m  [1m[35mCOMMIT TRANSACTION /*application='OtakuShop'*/[0m
Migrating to CreateBillLines (20250630042233)
  [1m[36mTRANSACTION (0.0ms)[0m  [1m[35mBEGIN immediate TRANSACTION /*application='OtakuShop'*/[0m
  [1m[35m (1.5ms)[0m  [1m[35mCREATE TABLE "bill_lines" ("id" integer PRIMARY KEY AUTOINCREMENT NOT NULL, "bl_bill" varchar, "bl_product" varchar, "bl_cant" integer, "bl_total" decimal, "created_at" datetime(6) NOT NULL, "updated_at" datetime(6) NOT NULL) /*application='OtakuShop'*/[0m
  [1m[36mActiveRecord::SchemaMigration Create (0.1ms)[0m  [1m[32mINSERT INTO "schema_migrations" ("version") VALUES ('20250630042233') RETURNING "version" /*application='OtakuShop'*/[0m
  [1m[36mTRANSACTION (0.1ms)[0m  [1m[35mCOMMIT TRANSACTION /*application='OtakuShop'*/[0m
Migrating to CreateClients (20250630042243)
  [1m[36mTRANSACTION (0.0ms)[0m  [1m[35mBEGIN immediate TRANSACTION /*application='OtakuShop'*/[0m
  [1m[35m (1.6ms)[0m  [1m[35mCREATE TABLE "clients" ("id" integer PRIMARY KEY AUTOINCREMENT NOT NULL, "client_name" varchar, "created_at" datetime(6) NOT NULL, "updated_at" datetime(6) NOT NULL) /*application='OtakuShop'*/[0m
  [1m[36mActiveRecord::SchemaMigration Create (0.1ms)[0m  [1m[32mINSERT INTO "schema_migrations" ("version") VALUES ('20250630042243') RETURNING "version" /*application='OtakuShop'*/[0m
  [1m[36mTRANSACTION (0.1ms)[0m  [1m[35mCOMMIT TRANSACTION /*application='OtakuShop'*/[0m
  [1m[36mActiveRecord::SchemaMigration Load (0.0ms)[0m  [1m[34mSELECT "schema_migrations"."version" FROM "schema_migrations" ORDER BY "schema_migrations"."version" ASC /*application='OtakuShop'*/[0m
  [1m[36mActiveRecord::SchemaMigration Load (0.1ms)[0m  [1m[34mSELECT "schema_migrations"."version" FROM "schema_migrations" ORDER BY "schema_migrations"."version" ASC /*application='OtakuShop'*/[0m
  [1m[36mActiveRecord::InternalMetadata Load (0.1ms)[0m  [1m[34mSELECT * FROM "ar_internal_metadata" WHERE "ar_internal_metadata"."key" = 'environment' ORDER BY "ar_internal_metadata"."key" ASC LIMIT 1 /*application='OtakuShop'*/[0m
  [1m[36mActiveRecord::SchemaMigration Load (0.0ms)[0m  [1m[34mSELECT "schema_migrations"."version" FROM "schema_migrations" ORDER BY "schema_migrations"."version" ASC /*application='OtakuShop'*/[0m
Migrating to DeleteFirstForeignKey (20250630045341)
  [1m[36mTRANSACTION (0.2ms)[0m  [1m[35mBEGIN immediate TRANSACTION /*application='OtakuShop'*/[0m
  [1m[35mSQL (0.0ms)[0m  [1m[35mPRAGMA foreign_keys /*application='OtakuShop'*/[0m
  [1m[35mSQL (0.0ms)[0m  [1m[35mPRAGMA defer_foreign_keys /*application='OtakuShop'*/[0m
  [1m[35m (0.0ms)[0m  [1m[35mPRAGMA defer_foreign_keys = ON /*application='OtakuShop'*/[0m
  [1m[35m (0.0ms)[0m  [1m[35mPRAGMA foreign_keys = OFF /*application='OtakuShop'*/[0m
  [1m[35m (0.1ms)[0m  [1m[35mCREATE TEMPORARY TABLE "aproducts" ("id" integer PRIMARY KEY AUTOINCREMENT NOT NULL, "product_name" varchar NOT NULL, "product_price" decimal(10,2) NOT NULL, "product_description" varchar NOT NULL, "product_stock" integer NOT NULL, "product_tax_id" integer NOT NULL, "created_at" datetime(6) NOT NULL, "updated_at" datetime(6) NOT NULL) /*application='OtakuShop'*/[0m
  [1m[35m (0.0ms)[0m  [1m[35mCREATE INDEX "tindex_aproducts_on_product_tax_id" ON "aproducts" ("product_tax_id") /*application='OtakuShop'*/[0m
  [1m[35mSQL (0.0ms)[0m  [1m[32mINSERT INTO "aproducts" ("id","product_name","product_price","product_description","product_stock","product_tax_id","created_at","updated_at")
                     SELECT "id","product_name","product_price","product_description","product_stock","product_tax_id","created_at","updated_at" FROM "products" /*application='OtakuShop'*/[0m
  [1m[35m (0.1ms)[0m  [1m[35mDROP TABLE "products" /*application='OtakuShop'*/[0m
  [1m[35m (0.0ms)[0m  [1m[35mCREATE TABLE "products" ("id" integer PRIMARY KEY AUTOINCREMENT NOT NULL, "product_name" varchar NOT NULL, "product_price" decimal(10,2) NOT NULL, "product_description" varchar NOT NULL, "product_stock" integer NOT NULL, "product_tax_id" integer NOT NULL, "created_at" datetime(6) NOT NULL, "updated_at" datetime(6) NOT NULL) /*application='OtakuShop'*/[0m
  [1m[35m (0.0ms)[0m  [1m[35mCREATE INDEX "index_products_on_product_tax_id" ON "products" ("product_tax_id") /*application='OtakuShop'*/[0m
  [1m[35mSQL (0.4ms)[0m  [1m[32mINSERT INTO "products" ("id","product_name","product_price","product_description","product_stock","product_tax_id","created_at","updated_at")
                     SELECT "id","product_name","product_price","product_description","product_stock","product_tax_id","created_at","updated_at" FROM "aproducts" /*application='OtakuShop'*/[0m
  [1m[35m (0.1ms)[0m  [1m[35mDROP TABLE "aproducts" /*application='OtakuShop'*/[0m
  [1m[35m (0.0ms)[0m  [1m[35mPRAGMA defer_foreign_keys = 0 /*application='OtakuShop'*/[0m
  [1m[35m (0.0ms)[0m  [1m[35mPRAGMA foreign_keys = 1 /*application='OtakuShop'*/[0m
  [1m[36mActiveRecord::SchemaMigration Create (0.1ms)[0m  [1m[32mINSERT INTO "schema_migrations" ("version") VALUES ('20250630045341') RETURNING "version" /*application='OtakuShop'*/[0m
  [1m[36mTRANSACTION (1.9ms)[0m  [1m[35mCOMMIT TRANSACTION /*application='OtakuShop'*/[0m
  [1m[36mActiveRecord::SchemaMigration Load (0.0ms)[0m  [1m[34mSELECT "schema_migrations"."version" FROM "schema_migrations" ORDER BY "schema_migrations"."version" ASC /*application='OtakuShop'*/[0m
  [1m[36mActiveRecord::SchemaMigration Load (0.1ms)[0m  [1m[34mSELECT "schema_migrations"."version" FROM "schema_migrations" ORDER BY "schema_migrations"."version" ASC /*application='OtakuShop'*/[0m
  [1m[36mActiveRecord::InternalMetadata Load (0.1ms)[0m  [1m[34mSELECT * FROM "ar_internal_metadata" WHERE "ar_internal_metadata"."key" = 'environment' ORDER BY "ar_internal_metadata"."key" ASC LIMIT 1 /*application='OtakuShop'*/[0m
  [1m[36mActiveRecord::SchemaMigration Load (0.0ms)[0m  [1m[34mSELECT "schema_migrations"."version" FROM "schema_migrations" ORDER BY "schema_migrations"."version" ASC /*application='OtakuShop'*/[0m
  [1m[36mActiveRecord::InternalMetadata Load (0.0ms)[0m  [1m[34mSELECT * FROM "ar_internal_metadata" WHERE "ar_internal_metadata"."key" = 'environment' ORDER BY "ar_internal_metadata"."key" ASC LIMIT 1 /*application='OtakuShop'*/[0m
  [1m[36mActiveRecord::SchemaMigration Load (0.0ms)[0m  [1m[34mSELECT "schema_migrations"."version" FROM "schema_migrations" ORDER BY "schema_migrations"."version" ASC /*application='OtakuShop'*/[0m
  [1m[36mActiveRecord::InternalMetadata Load (0.0ms)[0m  [1m[34mSELECT * FROM "ar_internal_metadata" WHERE "ar_internal_metadata"."key" = 'environment' ORDER BY "ar_internal_metadata"."key" ASC LIMIT 1 /*application='OtakuShop'*/[0m
  [1m[35m (0.0ms)[0m  [1m[35mDROP TABLE IF EXISTS "bill_lines" /*application='OtakuShop'*/[0m
  [1m[35m (2.6ms)[0m  [1m[35mCREATE TABLE "bill_lines" ("id" integer PRIMARY KEY AUTOINCREMENT NOT NULL, "bl_bill" varchar, "bl_product" varchar, "bl_cant" integer, "bl_total" decimal, "created_at" datetime(6) NOT NULL, "updated_at" datetime(6) NOT NULL) /*application='OtakuShop'*/[0m
  [1m[35m (0.0ms)[0m  [1m[35mDROP TABLE IF EXISTS "bills" /*application='OtakuShop'*/[0m
  [1m[35m (0.1ms)[0m  [1m[35mCREATE TABLE "bills" ("id" integer PRIMARY KEY AUTOINCREMENT NOT NULL, "bill_client" varchar, "bill_date" datetime(6), "bill_subtotal" decimal, "bill_total" decimal, "created_at" datetime(6) NOT NULL, "updated_at" datetime(6) NOT NULL) /*application='OtakuShop'*/[0m
  [1m[35m (0.0ms)[0m  [1m[35mDROP TABLE IF EXISTS "clients" /*application='OtakuShop'*/[0m
  [1m[35m (0.1ms)[0m  [1m[35mCREATE TABLE "clients" ("id" integer PRIMARY KEY AUTOINCREMENT NOT NULL, "client_name" varchar, "created_at" datetime(6) NOT NULL, "updated_at" datetime(6) NOT NULL) /*application='OtakuShop'*/[0m
  [1m[35m (0.0ms)[0m  [1m[35mDROP TABLE IF EXISTS "move_types" /*application='OtakuShop'*/[0m
  [1m[35m (0.1ms)[0m  [1m[35mCREATE TABLE "move_types" ("id" integer PRIMARY KEY AUTOINCREMENT NOT NULL, "mt_name" varchar, "mt_description" varchar, "created_at" datetime(6) NOT NULL, "updated_at" datetime(6) NOT NULL) /*application='OtakuShop'*/[0m
  [1m[35m (0.0ms)[0m  [1m[35mDROP TABLE IF EXISTS "product_taxes" /*application='OtakuShop'*/[0m
  [1m[35m (0.1ms)[0m  [1m[35mCREATE TABLE "product_taxes" ("id" integer PRIMARY KEY AUTOINCREMENT NOT NULL, "tax_name" varchar, "tax_value" decimal, "created_at" datetime(6) NOT NULL, "updated_at" datetime(6) NOT NULL) /*application='OtakuShop'*/[0m
  [1m[35m (0.0ms)[0m  [1m[35mDROP TABLE IF EXISTS "products" /*application='OtakuShop'*/[0m
  [1m[35m (0.1ms)[0m  [1m[35mCREATE TABLE "products" ("id" integer PRIMARY KEY AUTOINCREMENT NOT NULL, "product_name" varchar NOT NULL, "product_price" decimal(10,2) NOT NULL, "product_description" varchar NOT NULL, "product_stock" integer NOT NULL, "product_tax_id" integer NOT NULL, "created_at" datetime(6) NOT NULL, "updated_at" datetime(6) NOT NULL) /*application='OtakuShop'*/[0m
  [1m[35m (0.1ms)[0m  [1m[35mCREATE INDEX "index_products_on_product_tax_id" ON "products" ("product_tax_id") /*application='OtakuShop'*/[0m
  [1m[35m (0.0ms)[0m  [1m[35mDROP TABLE IF EXISTS "stock_histories" /*application='OtakuShop'*/[0m
  [1m[35m (0.1ms)[0m  [1m[35mCREATE TABLE "stock_histories" ("id" integer PRIMARY KEY AUTOINCREMENT NOT NULL, "sh_product" varchar, "sh_move_type" varchar, "sh_cant" integer, "sh_date" datetime(6), "created_at" datetime(6) NOT NULL, "updated_at" datetime(6) NOT NULL) /*application='OtakuShop'*/[0m
  [1m[35m (0.1ms)[0m  [1m[35mCREATE TABLE "schema_migrations" ("version" varchar NOT NULL PRIMARY KEY) /*application='OtakuShop'*/[0m
  [1m[36mActiveRecord::SchemaMigration Load (0.1ms)[0m  [1m[34mSELECT "schema_migrations"."version" FROM "schema_migrations" ORDER BY "schema_migrations"."version" ASC /*application='OtakuShop'*/[0m
  [1m[35m (0.1ms)[0m  [1m[32mINSERT INTO "schema_migrations" (version) VALUES (20250630045341) /*application='OtakuShop'*/[0m
  [1m[35m (0.1ms)[0m  [1m[35mCREATE TABLE "ar_internal_metadata" ("key" varchar NOT NULL PRIMARY KEY, "value" varchar, "created_at" datetime(6) NOT NULL, "updated_at" datetime(6) NOT NULL) /*application='OtakuShop'*/[0m
  [1m[36mActiveRecord::InternalMetadata Load (0.0ms)[0m  [1m[34mSELECT * FROM "ar_internal_metadata" WHERE "ar_internal_metadata"."key" = 'environment' ORDER BY "ar_internal_metadata"."key" ASC LIMIT 1 /*application='OtakuShop'*/[0m
  [1m[36mActiveRecord::InternalMetadata Create (0.1ms)[0m  [1m[32mINSERT INTO "ar_internal_metadata" ("key", "value", "created_at", "updated_at") VALUES ('environment', 'development', '2025-06-30 21:42:11.561324', '2025-06-30 21:42:11.561325') RETURNING "key" /*application='OtakuShop'*/[0m
  [1m[36mActiveRecord::InternalMetadata Load (0.0ms)[0m  [1m[34mSELECT * FROM "ar_internal_metadata" WHERE "ar_internal_metadata"."key" = 'environment' ORDER BY "ar_internal_metadata"."key" ASC LIMIT 1 /*application='OtakuShop'*/[0m
  [1m[36mActiveRecord::InternalMetadata Load (0.0ms)[0m  [1m[34mSELECT * FROM "ar_internal_metadata" WHERE "ar_internal_metadata"."key" = 'schema_sha1' ORDER BY "ar_internal_metadata"."key" ASC LIMIT 1 /*application='OtakuShop'*/[0m
  [1m[36mActiveRecord::InternalMetadata Create (0.4ms)[0m  [1m[32mINSERT INTO "ar_internal_metadata" ("key", "value", "created_at", "updated_at") VALUES ('schema_sha1', 'bd0a37b8234d932a14bc5f4e74d35a8e62bf9614', '2025-06-30 21:42:11.565078', '2025-06-30 21:42:11.565079') RETURNING "key" /*application='OtakuShop'*/[0m
  [1m[36mActiveRecord::InternalMetadata Load (0.0ms)[0m  [1m[34mSELECT * FROM "ar_internal_metadata" WHERE "ar_internal_metadata"."key" = 'environment' ORDER BY "ar_internal_metadata"."key" ASC LIMIT 1 /*application='OtakuShop'*/[0m
  [1m[36mActiveRecord::SchemaMigration Load (0.0ms)[0m  [1m[34mSELECT "schema_migrations"."version" FROM "schema_migrations" ORDER BY "schema_migrations"."version" ASC /*application='OtakuShop'*/[0m
Migrating to CreateProducts (20250630205441)
  [1m[36mTRANSACTION (0.0ms)[0m  [1m[35mBEGIN immediate TRANSACTION /*application='OtakuShop'*/[0m
  [1m[35m (0.7ms)[0m  [1m[35mCREATE TABLE "products" ("id" integer PRIMARY KEY AUTOINCREMENT NOT NULL, "name" varchar, "price" decimal(10,2), "description" varchar, "stock" integer, "created_at" datetime(6) NOT NULL, "updated_at" datetime(6) NOT NULL) /*application='OtakuShop'*/[0m
  [1m[36mTRANSACTION (0.0ms)[0m  [1m[31mROLLBACK TRANSACTION /*application='OtakuShop'*/[0m
  [1m[36mActiveRecord::InternalMetadata Load (0.1ms)[0m  [1m[34mSELECT * FROM "ar_internal_metadata" WHERE "ar_internal_metadata"."key" = 'environment' ORDER BY "ar_internal_metadata"."key" ASC LIMIT 1 /*application='OtakuShop'*/[0m
  [1m[36mActiveRecord::SchemaMigration Load (0.0ms)[0m  [1m[34mSELECT "schema_migrations"."version" FROM "schema_migrations" ORDER BY "schema_migrations"."version" ASC /*application='OtakuShop'*/[0m
Migrating to CreateProducts (20250630205441)
  [1m[36mTRANSACTION (0.0ms)[0m  [1m[35mBEGIN immediate TRANSACTION /*application='OtakuShop'*/[0m
  [1m[35m (0.7ms)[0m  [1m[35mCREATE TABLE "products" ("id" integer PRIMARY KEY AUTOINCREMENT NOT NULL, "name" varchar, "price" decimal(10,2), "description" varchar, "stock" integer, "created_at" datetime(6) NOT NULL, "updated_at" datetime(6) NOT NULL) /*application='OtakuShop'*/[0m
  [1m[36mTRANSACTION (0.0ms)[0m  [1m[31mROLLBACK TRANSACTION /*application='OtakuShop'*/[0m
  [1m[36mActiveRecord::InternalMetadata Load (0.1ms)[0m  [1m[34mSELECT * FROM "ar_internal_metadata" WHERE "ar_internal_metadata"."key" = 'environment' ORDER BY "ar_internal_metadata"."key" ASC LIMIT 1 /*application='OtakuShop'*/[0m
  [1m[36mActiveRecord::SchemaMigration Load (0.0ms)[0m  [1m[34mSELECT "schema_migrations"."version" FROM "schema_migrations" ORDER BY "schema_migrations"."version" ASC /*application='OtakuShop'*/[0m
Migrating to CreateProducts (20250630205441)
  [1m[36mTRANSACTION (0.0ms)[0m  [1m[35mBEGIN immediate TRANSACTION /*application='OtakuShop'*/[0m
  [1m[35m (0.7ms)[0m  [1m[35mCREATE TABLE "products" ("id" integer PRIMARY KEY AUTOINCREMENT NOT NULL, "name" varchar, "price" decimal(10,2), "description" varchar, "stock" integer, "created_at" datetime(6) NOT NULL, "updated_at" datetime(6) NOT NULL) /*application='OtakuShop'*/[0m
  [1m[36mTRANSACTION (0.0ms)[0m  [1m[31mROLLBACK TRANSACTION /*application='OtakuShop'*/[0m
  [1m[35m (1.8ms)[0m  [1m[35mCREATE TABLE "schema_migrations" ("version" varchar NOT NULL PRIMARY KEY) /*application='OtakuShop'*/[0m
  [1m[35m (0.1ms)[0m  [1m[35mCREATE TABLE "ar_internal_metadata" ("key" varchar NOT NULL PRIMARY KEY, "value" varchar, "created_at" datetime(6) NOT NULL, "updated_at" datetime(6) NOT NULL) /*application='OtakuShop'*/[0m
  [1m[36mActiveRecord::InternalMetadata Load (0.0ms)[0m  [1m[34mSELECT * FROM "ar_internal_metadata" WHERE "ar_internal_metadata"."key" = 'environment' ORDER BY "ar_internal_metadata"."key" ASC LIMIT 1 /*application='OtakuShop'*/[0m
  [1m[36mActiveRecord::InternalMetadata Create (0.1ms)[0m  [1m[32mINSERT INTO "ar_internal_metadata" ("key", "value", "created_at", "updated_at") VALUES ('environment', 'development', '2025-06-30 22:00:35.751279', '2025-06-30 22:00:35.751281') RETURNING "key" /*application='OtakuShop'*/[0m
  [1m[36mActiveRecord::SchemaMigration Load (0.0ms)[0m  [1m[34mSELECT "schema_migrations"."version" FROM "schema_migrations" ORDER BY "schema_migrations"."version" ASC /*application='OtakuShop'*/[0m
Migrating to CreateProducts (20250630205441)
  [1m[36mTRANSACTION (0.0ms)[0m  [1m[35mBEGIN immediate TRANSACTION /*application='OtakuShop'*/[0m
  [1m[35m (0.6ms)[0m  [1m[35mCREATE TABLE "products" ("id" integer PRIMARY KEY AUTOINCREMENT NOT NULL, "name" varchar, "price" decimal(10,2), "description" varchar, "stock" integer, "created_at" datetime(6) NOT NULL, "updated_at" datetime(6) NOT NULL) /*application='OtakuShop'*/[0m
  [1m[36mActiveRecord::SchemaMigration Create (0.1ms)[0m  [1m[32mINSERT INTO "schema_migrations" ("version") VALUES ('20250630205441') RETURNING "version" /*application='OtakuShop'*/[0m
  [1m[36mTRANSACTION (0.0ms)[0m  [1m[35mCOMMIT TRANSACTION /*application='OtakuShop'*/[0m
Migrating to CreateTaxes (20250630205500)
  [1m[36mTRANSACTION (0.0ms)[0m  [1m[35mBEGIN immediate TRANSACTION /*application='OtakuShop'*/[0m
  [1m[35m (0.5ms)[0m  [1m[35mCREATE TABLE "taxes" ("id" integer PRIMARY KEY AUTOINCREMENT NOT NULL, "name" varchar, "value" decimal(10,2), "created_at" datetime(6) NOT NULL, "updated_at" datetime(6) NOT NULL) /*application='OtakuShop'*/[0m
  [1m[36mActiveRecord::SchemaMigration Create (0.1ms)[0m  [1m[32mINSERT INTO "schema_migrations" ("version") VALUES ('20250630205500') RETURNING "version" /*application='OtakuShop'*/[0m
  [1m[36mTRANSACTION (0.0ms)[0m  [1m[35mCOMMIT TRANSACTION /*application='OtakuShop'*/[0m
Migrating to CreateTaxProducts (20250630205535)
  [1m[36mTRANSACTION (0.0ms)[0m  [1m[35mBEGIN immediate TRANSACTION /*application='OtakuShop'*/[0m
  [1m[35m (1.0ms)[0m  [1m[35mCREATE TABLE "tax_products" ("id" integer PRIMARY KEY AUTOINCREMENT NOT NULL, "product" integer, "tax" integer, "created_at" datetime(6) NOT NULL, "updated_at" datetime(6) NOT NULL) /*application='OtakuShop'*/[0m
  [1m[36mActiveRecord::SchemaMigration Create (0.1ms)[0m  [1m[32mINSERT INTO "schema_migrations" ("version") VALUES ('20250630205535') RETURNING "version" /*application='OtakuShop'*/[0m
  [1m[36mTRANSACTION (0.0ms)[0m  [1m[35mCOMMIT TRANSACTION /*application='OtakuShop'*/[0m
Migrating to CreateStockHistories (20250630205602)
  [1m[36mTRANSACTION (0.0ms)[0m  [1m[35mBEGIN immediate TRANSACTION /*application='OtakuShop'*/[0m
  [1m[35m (1.4ms)[0m  [1m[35mCREATE TABLE "stock_histories" ("id" integer PRIMARY KEY AUTOINCREMENT NOT NULL, "product" integer, "move_type" integer, "cant" integer, "date" datetime(6), "created_at" datetime(6) NOT NULL, "updated_at" datetime(6) NOT NULL) /*application='OtakuShop'*/[0m
  [1m[36mActiveRecord::SchemaMigration Create (0.1ms)[0m  [1m[32mINSERT INTO "schema_migrations" ("version") VALUES ('20250630205602') RETURNING "version" /*application='OtakuShop'*/[0m
  [1m[36mTRANSACTION (0.0ms)[0m  [1m[35mCOMMIT TRANSACTION /*application='OtakuShop'*/[0m
Migrating to CreateMoveTypes (20250630205612)
  [1m[36mTRANSACTION (0.0ms)[0m  [1m[35mBEGIN immediate TRANSACTION /*application='OtakuShop'*/[0m
  [1m[35m (1.5ms)[0m  [1m[35mCREATE TABLE "move_types" ("id" integer PRIMARY KEY AUTOINCREMENT NOT NULL, "name" varchar, "description" varchar, "created_at" datetime(6) NOT NULL, "updated_at" datetime(6) NOT NULL) /*application='OtakuShop'*/[0m
  [1m[36mActiveRecord::SchemaMigration Create (0.1ms)[0m  [1m[32mINSERT INTO "schema_migrations" ("version") VALUES ('20250630205612') RETURNING "version" /*application='OtakuShop'*/[0m
  [1m[36mTRANSACTION (0.1ms)[0m  [1m[35mCOMMIT TRANSACTION /*application='OtakuShop'*/[0m
Migrating to CreateBills (20250630205621)
  [1m[36mTRANSACTION (0.0ms)[0m  [1m[35mBEGIN immediate TRANSACTION /*application='OtakuShop'*/[0m
  [1m[35m (0.6ms)[0m  [1m[35mCREATE TABLE "bills" ("id" integer PRIMARY KEY AUTOINCREMENT NOT NULL, "client" integer, "date" datetime(6), "subtotal" decimal(10,2), "total" decimal(10,2), "created_at" datetime(6) NOT NULL, "updated_at" datetime(6) NOT NULL) /*application='OtakuShop'*/[0m
  [1m[36mActiveRecord::SchemaMigration Create (0.0ms)[0m  [1m[32mINSERT INTO "schema_migrations" ("version") VALUES ('20250630205621') RETURNING "version" /*application='OtakuShop'*/[0m
  [1m[36mTRANSACTION (0.0ms)[0m  [1m[35mCOMMIT TRANSACTION /*application='OtakuShop'*/[0m
Migrating to CreateBillLines (20250630205629)
  [1m[36mTRANSACTION (0.0ms)[0m  [1m[35mBEGIN immediate TRANSACTION /*application='OtakuShop'*/[0m
  [1m[35m (0.5ms)[0m  [1m[35mCREATE TABLE "bill_lines" ("id" integer PRIMARY KEY AUTOINCREMENT NOT NULL, "bill" integer, "product" integer, "cant" integer, "total" decimal(10,2), "created_at" datetime(6) NOT NULL, "updated_at" datetime(6) NOT NULL) /*application='OtakuShop'*/[0m
  [1m[36mActiveRecord::SchemaMigration Create (0.0ms)[0m  [1m[32mINSERT INTO "schema_migrations" ("version") VALUES ('20250630205629') RETURNING "version" /*application='OtakuShop'*/[0m
  [1m[36mTRANSACTION (0.0ms)[0m  [1m[35mCOMMIT TRANSACTION /*application='OtakuShop'*/[0m
Migrating to CreateClients (20250630205640)
  [1m[36mTRANSACTION (0.0ms)[0m  [1m[35mBEGIN immediate TRANSACTION /*application='OtakuShop'*/[0m
  [1m[35m (0.5ms)[0m  [1m[35mCREATE TABLE "clients" ("id" integer PRIMARY KEY AUTOINCREMENT NOT NULL, "name" varchar, "created_at" datetime(6) NOT NULL, "updated_at" datetime(6) NOT NULL) /*application='OtakuShop'*/[0m
  [1m[36mActiveRecord::SchemaMigration Create (0.0ms)[0m  [1m[32mINSERT INTO "schema_migrations" ("version") VALUES ('20250630205640') RETURNING "version" /*application='OtakuShop'*/[0m
  [1m[36mTRANSACTION (0.0ms)[0m  [1m[35mCOMMIT TRANSACTION /*application='OtakuShop'*/[0m
Migrating to CreateForeignKeys (20250630210720)
  [1m[36mTRANSACTION (0.0ms)[0m  [1m[35mBEGIN immediate TRANSACTION /*application='OtakuShop'*/[0m
  [1m[35mSQL (0.0ms)[0m  [1m[35mPRAGMA foreign_keys /*application='OtakuShop'*/[0m
  [1m[35mSQL (0.0ms)[0m  [1m[35mPRAGMA defer_foreign_keys /*application='OtakuShop'*/[0m
  [1m[35m (0.0ms)[0m  [1m[35mPRAGMA defer_foreign_keys = ON /*application='OtakuShop'*/[0m
  [1m[35m (0.0ms)[0m  [1m[35mPRAGMA foreign_keys = OFF /*application='OtakuShop'*/[0m
  [1m[35m (0.2ms)[0m  [1m[35mCREATE TEMPORARY TABLE "atax_products" ("id" integer PRIMARY KEY AUTOINCREMENT NOT NULL, "product" integer, "tax" integer, "created_at" datetime(6) NOT NULL, "updated_at" datetime(6) NOT NULL) /*application='OtakuShop'*/[0m
  [1m[35mSQL (0.0ms)[0m  [1m[32mINSERT INTO "atax_products" ("id","product","tax","created_at","updated_at")
                     SELECT "id","product","tax","created_at","updated_at" FROM "tax_products" /*application='OtakuShop'*/[0m
  [1m[35m (0.0ms)[0m  [1m[35mDROP TABLE "tax_products" /*application='OtakuShop'*/[0m
  [1m[35m (0.0ms)[0m  [1m[35mCREATE TABLE "tax_products" ("id" integer PRIMARY KEY AUTOINCREMENT NOT NULL, "product" integer, "tax" integer, "created_at" datetime(6) NOT NULL, "updated_at" datetime(6) NOT NULL, CONSTRAINT "fk_rails_1468973184"
FOREIGN KEY ("product")
  REFERENCES "products" ("id")
) /*application='OtakuShop'*/[0m
  [1m[35mSQL (0.0ms)[0m  [1m[32mINSERT INTO "tax_products" ("id","product","tax","created_at","updated_at")
                     SELECT "id","product","tax","created_at","updated_at" FROM "atax_products" /*application='OtakuShop'*/[0m
  [1m[35m (0.0ms)[0m  [1m[35mDROP TABLE "atax_products" /*application='OtakuShop'*/[0m
  [1m[35m (0.0ms)[0m  [1m[35mPRAGMA defer_foreign_keys = 0 /*application='OtakuShop'*/[0m
  [1m[35m (0.0ms)[0m  [1m[35mPRAGMA foreign_keys = 1 /*application='OtakuShop'*/[0m
  [1m[35mSQL (0.0ms)[0m  [1m[35mPRAGMA foreign_keys /*application='OtakuShop'*/[0m
  [1m[35mSQL (0.0ms)[0m  [1m[35mPRAGMA defer_foreign_keys /*application='OtakuShop'*/[0m
  [1m[35m (0.0ms)[0m  [1m[35mPRAGMA defer_foreign_keys = ON /*application='OtakuShop'*/[0m
  [1m[35m (0.0ms)[0m  [1m[35mPRAGMA foreign_keys = OFF /*application='OtakuShop'*/[0m
  [1m[35m (0.1ms)[0m  [1m[35mCREATE TEMPORARY TABLE "atax_products" ("id" integer PRIMARY KEY AUTOINCREMENT NOT NULL, "product" integer, "tax" integer, "created_at" datetime(6) NOT NULL, "updated_at" datetime(6) NOT NULL) /*application='OtakuShop'*/[0m
  [1m[35mSQL (0.0ms)[0m  [1m[32mINSERT INTO "atax_products" ("id","product","tax","created_at","updated_at")
                     SELECT "id","product","tax","created_at","updated_at" FROM "tax_products" /*application='OtakuShop'*/[0m
  [1m[35m (0.0ms)[0m  [1m[35mDROP TABLE "tax_products" /*application='OtakuShop'*/[0m
  [1m[35m (0.2ms)[0m  [1m[35mCREATE TABLE "tax_products" ("id" integer PRIMARY KEY AUTOINCREMENT NOT NULL, "product" integer, "tax" integer, "created_at" datetime(6) NOT NULL, "updated_at" datetime(6) NOT NULL, CONSTRAINT "fk_rails_1468973184"
FOREIGN KEY ("product")
  REFERENCES "products" ("id")
, CONSTRAINT "fk_rails_f839e0536f"
FOREIGN KEY ("tax")
  REFERENCES "taxes" ("id")
) /*application='OtakuShop'*/[0m
  [1m[35mSQL (0.0ms)[0m  [1m[32mINSERT INTO "tax_products" ("id","product","tax","created_at","updated_at")
                     SELECT "id","product","tax","created_at","updated_at" FROM "atax_products" /*application='OtakuShop'*/[0m
  [1m[35m (0.0ms)[0m  [1m[35mDROP TABLE "atax_products" /*application='OtakuShop'*/[0m
  [1m[35m (0.0ms)[0m  [1m[35mPRAGMA defer_foreign_keys = 0 /*application='OtakuShop'*/[0m
  [1m[35m (0.0ms)[0m  [1m[35mPRAGMA foreign_keys = 1 /*application='OtakuShop'*/[0m
  [1m[35mSQL (0.0ms)[0m  [1m[35mPRAGMA foreign_keys /*application='OtakuShop'*/[0m
  [1m[35mSQL (0.0ms)[0m  [1m[35mPRAGMA defer_foreign_keys /*application='OtakuShop'*/[0m
  [1m[35m (0.0ms)[0m  [1m[35mPRAGMA defer_foreign_keys = ON /*application='OtakuShop'*/[0m
  [1m[35m (0.0ms)[0m  [1m[35mPRAGMA foreign_keys = OFF /*application='OtakuShop'*/[0m
  [1m[35m (0.1ms)[0m  [1m[35mCREATE TEMPORARY TABLE "astock_histories" ("id" integer PRIMARY KEY AUTOINCREMENT NOT NULL, "product" integer, "move_type" integer, "cant" integer, "date" datetime(6), "created_at" datetime(6) NOT NULL, "updated_at" datetime(6) NOT NULL) /*application='OtakuShop'*/[0m
  [1m[35mSQL (0.0ms)[0m  [1m[32mINSERT INTO "astock_histories" ("id","product","move_type","cant","date","created_at","updated_at")
                     SELECT "id","product","move_type","cant","date","created_at","updated_at" FROM "stock_histories" /*application='OtakuShop'*/[0m
  [1m[35m (0.0ms)[0m  [1m[35mDROP TABLE "stock_histories" /*application='OtakuShop'*/[0m
  [1m[35m (0.1ms)[0m  [1m[35mCREATE TABLE "stock_histories" ("id" integer PRIMARY KEY AUTOINCREMENT NOT NULL, "product" integer, "move_type" integer, "cant" integer, "date" datetime(6), "created_at" datetime(6) NOT NULL, "updated_at" datetime(6) NOT NULL, CONSTRAINT "fk_rails_e3b2e995e7"
FOREIGN KEY ("product")
  REFERENCES "products" ("id")
) /*application='OtakuShop'*/[0m
  [1m[35mSQL (0.0ms)[0m  [1m[32mINSERT INTO "stock_histories" ("id","product","move_type","cant","date","created_at","updated_at")
                     SELECT "id","product","move_type","cant","date","created_at","updated_at" FROM "astock_histories" /*application='OtakuShop'*/[0m
  [1m[35m (0.0ms)[0m  [1m[35mDROP TABLE "astock_histories" /*application='OtakuShop'*/[0m
  [1m[35m (0.0ms)[0m  [1m[35mPRAGMA defer_foreign_keys = 0 /*application='OtakuShop'*/[0m
  [1m[35m (0.0ms)[0m  [1m[35mPRAGMA foreign_keys = 1 /*application='OtakuShop'*/[0m
  [1m[35mSQL (0.0ms)[0m  [1m[35mPRAGMA foreign_keys /*application='OtakuShop'*/[0m
  [1m[35mSQL (0.0ms)[0m  [1m[35mPRAGMA defer_foreign_keys /*application='OtakuShop'*/[0m
  [1m[35m (0.0ms)[0m  [1m[35mPRAGMA defer_foreign_keys = ON /*application='OtakuShop'*/[0m
  [1m[35m (0.0ms)[0m  [1m[35mPRAGMA foreign_keys = OFF /*application='OtakuShop'*/[0m
  [1m[35m (0.1ms)[0m  [1m[35mCREATE TEMPORARY TABLE "astock_histories" ("id" integer PRIMARY KEY AUTOINCREMENT NOT NULL, "product" integer, "move_type" integer, "cant" integer, "date" datetime(6), "created_at" datetime(6) NOT NULL, "updated_at" datetime(6) NOT NULL) /*application='OtakuShop'*/[0m
  [1m[35mSQL (0.0ms)[0m  [1m[32mINSERT INTO "astock_histories" ("id","product","move_type","cant","date","created_at","updated_at")
                     SELECT "id","product","move_type","cant","date","created_at","updated_at" FROM "stock_histories" /*application='OtakuShop'*/[0m
  [1m[35m (0.0ms)[0m  [1m[35mDROP TABLE "stock_histories" /*application='OtakuShop'*/[0m
  [1m[35m (0.2ms)[0m  [1m[35mCREATE TABLE "stock_histories" ("id" integer PRIMARY KEY AUTOINCREMENT NOT NULL, "product" integer, "move_type" integer, "cant" integer, "date" datetime(6), "created_at" datetime(6) NOT NULL, "updated_at" datetime(6) NOT NULL, CONSTRAINT "fk_rails_e3b2e995e7"
FOREIGN KEY ("product")
  REFERENCES "products" ("id")
, CONSTRAINT "fk_rails_999a6b6a55"
FOREIGN KEY ("move_type")
  REFERENCES "move_types" ("id")
) /*application='OtakuShop'*/[0m
  [1m[35mSQL (0.0ms)[0m  [1m[32mINSERT INTO "stock_histories" ("id","product","move_type","cant","date","created_at","updated_at")
                     SELECT "id","product","move_type","cant","date","created_at","updated_at" FROM "astock_histories" /*application='OtakuShop'*/[0m
  [1m[35m (0.0ms)[0m  [1m[35mDROP TABLE "astock_histories" /*application='OtakuShop'*/[0m
  [1m[35m (0.0ms)[0m  [1m[35mPRAGMA defer_foreign_keys = 0 /*application='OtakuShop'*/[0m
  [1m[35m (0.0ms)[0m  [1m[35mPRAGMA foreign_keys = 1 /*application='OtakuShop'*/[0m
  [1m[35mSQL (0.0ms)[0m  [1m[35mPRAGMA foreign_keys /*application='OtakuShop'*/[0m
  [1m[35mSQL (0.0ms)[0m  [1m[35mPRAGMA defer_foreign_keys /*application='OtakuShop'*/[0m
  [1m[35m (0.0ms)[0m  [1m[35mPRAGMA defer_foreign_keys = ON /*application='OtakuShop'*/[0m
  [1m[35m (0.0ms)[0m  [1m[35mPRAGMA foreign_keys = OFF /*application='OtakuShop'*/[0m
  [1m[35m (0.1ms)[0m  [1m[35mCREATE TEMPORARY TABLE "abill_lines" ("id" integer PRIMARY KEY AUTOINCREMENT NOT NULL, "bill" integer, "product" integer, "cant" integer, "total" decimal(10,2), "created_at" datetime(6) NOT NULL, "updated_at" datetime(6) NOT NULL) /*application='OtakuShop'*/[0m
  [1m[35mSQL (0.0ms)[0m  [1m[32mINSERT INTO "abill_lines" ("id","bill","product","cant","total","created_at","updated_at")
                     SELECT "id","bill","product","cant","total","created_at","updated_at" FROM "bill_lines" /*application='OtakuShop'*/[0m
  [1m[35m (0.0ms)[0m  [1m[35mDROP TABLE "bill_lines" /*application='OtakuShop'*/[0m
  [1m[35m (0.1ms)[0m  [1m[35mCREATE TABLE "bill_lines" ("id" integer PRIMARY KEY AUTOINCREMENT NOT NULL, "bill" integer, "product" integer, "cant" integer, "total" decimal(10,2), "created_at" datetime(6) NOT NULL, "updated_at" datetime(6) NOT NULL, CONSTRAINT "fk_rails_c672036aa7"
FOREIGN KEY ("bill")
  REFERENCES "bills" ("id")
) /*application='OtakuShop'*/[0m
  [1m[35mSQL (0.0ms)[0m  [1m[32mINSERT INTO "bill_lines" ("id","bill","product","cant","total","created_at","updated_at")
                     SELECT "id","bill","product","cant","total","created_at","updated_at" FROM "abill_lines" /*application='OtakuShop'*/[0m
  [1m[35m (0.0ms)[0m  [1m[35mDROP TABLE "abill_lines" /*application='OtakuShop'*/[0m
  [1m[35m (0.0ms)[0m  [1m[35mPRAGMA defer_foreign_keys = 0 /*application='OtakuShop'*/[0m
  [1m[35m (0.0ms)[0m  [1m[35mPRAGMA foreign_keys = 1 /*application='OtakuShop'*/[0m
  [1m[35mSQL (0.0ms)[0m  [1m[35mPRAGMA foreign_keys /*application='OtakuShop'*/[0m
  [1m[35mSQL (0.0ms)[0m  [1m[35mPRAGMA defer_foreign_keys /*application='OtakuShop'*/[0m
  [1m[35m (0.0ms)[0m  [1m[35mPRAGMA defer_foreign_keys = ON /*application='OtakuShop'*/[0m
  [1m[35m (0.0ms)[0m  [1m[35mPRAGMA foreign_keys = OFF /*application='OtakuShop'*/[0m
  [1m[35m (0.1ms)[0m  [1m[35mCREATE TEMPORARY TABLE "abill_lines" ("id" integer PRIMARY KEY AUTOINCREMENT NOT NULL, "bill" integer, "product" integer, "cant" integer, "total" decimal(10,2), "created_at" datetime(6) NOT NULL, "updated_at" datetime(6) NOT NULL) /*application='OtakuShop'*/[0m
  [1m[35mSQL (0.0ms)[0m  [1m[32mINSERT INTO "abill_lines" ("id","bill","product","cant","total","created_at","updated_at")
                     SELECT "id","bill","product","cant","total","created_at","updated_at" FROM "bill_lines" /*application='OtakuShop'*/[0m
  [1m[35m (0.0ms)[0m  [1m[35mDROP TABLE "bill_lines" /*application='OtakuShop'*/[0m
  [1m[35m (0.1ms)[0m  [1m[35mCREATE TABLE "bill_lines" ("id" integer PRIMARY KEY AUTOINCREMENT NOT NULL, "bill" integer, "product" integer, "cant" integer, "total" decimal(10,2), "created_at" datetime(6) NOT NULL, "updated_at" datetime(6) NOT NULL, CONSTRAINT "fk_rails_c672036aa7"
FOREIGN KEY ("bill")
  REFERENCES "bills" ("id")
, CONSTRAINT "fk_rails_04f8f4961f"
FOREIGN KEY ("product")
  REFERENCES "products" ("id")
) /*application='OtakuShop'*/[0m
  [1m[35mSQL (0.0ms)[0m  [1m[32mINSERT INTO "bill_lines" ("id","bill","product","cant","total","created_at","updated_at")
                     SELECT "id","bill","product","cant","total","created_at","updated_at" FROM "abill_lines" /*application='OtakuShop'*/[0m
  [1m[35m (0.0ms)[0m  [1m[35mDROP TABLE "abill_lines" /*application='OtakuShop'*/[0m
  [1m[35m (0.0ms)[0m  [1m[35mPRAGMA defer_foreign_keys = 0 /*application='OtakuShop'*/[0m
  [1m[35m (0.0ms)[0m  [1m[35mPRAGMA foreign_keys = 1 /*application='OtakuShop'*/[0m
  [1m[35mSQL (0.0ms)[0m  [1m[35mPRAGMA foreign_keys /*application='OtakuShop'*/[0m
  [1m[35mSQL (0.0ms)[0m  [1m[35mPRAGMA defer_foreign_keys /*application='OtakuShop'*/[0m
  [1m[35m (0.0ms)[0m  [1m[35mPRAGMA defer_foreign_keys = ON /*application='OtakuShop'*/[0m
  [1m[35m (0.0ms)[0m  [1m[35mPRAGMA foreign_keys = OFF /*application='OtakuShop'*/[0m
  [1m[35m (0.1ms)[0m  [1m[35mCREATE TEMPORARY TABLE "abills" ("id" integer PRIMARY KEY AUTOINCREMENT NOT NULL, "client" integer, "date" datetime(6), "subtotal" decimal(10,2), "total" decimal(10,2), "created_at" datetime(6) NOT NULL, "updated_at" datetime(6) NOT NULL) /*application='OtakuShop'*/[0m
  [1m[35mSQL (0.0ms)[0m  [1m[32mINSERT INTO "abills" ("id","client","date","subtotal","total","created_at","updated_at")
                     SELECT "id","client","date","subtotal","total","created_at","updated_at" FROM "bills" /*application='OtakuShop'*/[0m
  [1m[35m (0.0ms)[0m  [1m[35mDROP TABLE "bills" /*application='OtakuShop'*/[0m
  [1m[35m (0.1ms)[0m  [1m[35mCREATE TABLE "bills" ("id" integer PRIMARY KEY AUTOINCREMENT NOT NULL, "client" integer, "date" datetime(6), "subtotal" decimal(10,2), "total" decimal(10,2), "created_at" datetime(6) NOT NULL, "updated_at" datetime(6) NOT NULL, CONSTRAINT "fk_rails_2df65aa770"
FOREIGN KEY ("client")
  REFERENCES "clients" ("id")
) /*application='OtakuShop'*/[0m
  [1m[35mSQL (0.0ms)[0m  [1m[32mINSERT INTO "bills" ("id","client","date","subtotal","total","created_at","updated_at")
                     SELECT "id","client","date","subtotal","total","created_at","updated_at" FROM "abills" /*application='OtakuShop'*/[0m
  [1m[35m (0.0ms)[0m  [1m[35mDROP TABLE "abills" /*application='OtakuShop'*/[0m
  [1m[35m (0.0ms)[0m  [1m[35mPRAGMA defer_foreign_keys = 0 /*application='OtakuShop'*/[0m
  [1m[35m (0.0ms)[0m  [1m[35mPRAGMA foreign_keys = 1 /*application='OtakuShop'*/[0m
  [1m[36mActiveRecord::SchemaMigration Create (0.1ms)[0m  [1m[32mINSERT INTO "schema_migrations" ("version") VALUES ('20250630210720') RETURNING "version" /*application='OtakuShop'*/[0m
  [1m[36mTRANSACTION (0.1ms)[0m  [1m[35mCOMMIT TRANSACTION /*application='OtakuShop'*/[0m
  [1m[36mActiveRecord::SchemaMigration Load (0.0ms)[0m  [1m[34mSELECT "schema_migrations"."version" FROM "schema_migrations" ORDER BY "schema_migrations"."version" ASC /*application='OtakuShop'*/[0m
Started GET "/products/new" for 127.0.0.1 at 2025-06-30 17:33:12 -0600
  [1m[36mActiveRecord::SchemaMigration Load (0.1ms)[0m  [1m[34mSELECT "schema_migrations"."version" FROM "schema_migrations" ORDER BY "schema_migrations"."version" ASC /*application='OtakuShop'*/[0m
Processing by ProductsController#new as HTML
  Rendering layout layouts/application.html.erb
  Rendering products/new.html.erb within layouts/application
  Rendered products/new.html.erb within layouts/application (Duration: 4.7ms | GC: 0.0ms)
  Rendered layout layouts/application.html.erb (Duration: 6.5ms | GC: 0.0ms)
Completed 200 OK in 40ms (Views: 8.4ms | ActiveRecord: 0.7ms (0 queries, 0 cached) | GC: 0.1ms)


Started GET "/assets/application-8b441ae0.css" for 127.0.0.1 at 2025-06-30 17:33:12 -0600
Started GET "/assets/application-d8a8613a.js" for 127.0.0.1 at 2025-06-30 17:33:12 -0600
Started POST "/products" for 127.0.0.1 at 2025-06-30 17:34:05 -0600
Processing by ProductsController#create as HTML
  Parameters: {"authenticity_token" => "[FILTERED]", "product" => {"name" => "Camiseta Dragon Ball M", "price" => "5000", "description" => "Camiseta de dragon ball negra de hombre talla M", "stock" => "20"}, "commit" => "Guardar Producto"}
  [1m[36mTRANSACTION (0.1ms)[0m  [1m[35mBEGIN immediate TRANSACTION /*action='create',application='OtakuShop',controller='products'*/[0m
  ↳ app/controllers/products_controller.rb:9:in 'ProductsController#create'
  [1m[36mProduct Create (0.7ms)[0m  [1m[32mINSERT INTO "products" ("name", "price", "description", "stock", "created_at", "updated_at") VALUES ('Camiseta Dragon Ball M', 5000.0, 'Camiseta de dragon ball negra de hombre talla M', 20, '2025-06-30 23:34:05.843800', '2025-06-30 23:34:05.843800') RETURNING "id" /*action='create',application='OtakuShop',controller='products'*/[0m
  ↳ app/controllers/products_controller.rb:9:in 'ProductsController#create'
  [1m[36mTRANSACTION (1.6ms)[0m  [1m[35mCOMMIT TRANSACTION /*action='create',application='OtakuShop',controller='products'*/[0m
  ↳ app/controllers/products_controller.rb:9:in 'ProductsController#create'
Redirected to http://localhost:3000/products/1
Completed 302 Found in 12ms (ActiveRecord: 2.3ms (1 query, 0 cached) | GC: 0.0ms)


Started GET "/products/1" for 127.0.0.1 at 2025-06-30 17:34:05 -0600
Processing by ProductsController#show as HTML
  Parameters: {"id" => "1"}
  [1m[36mProduct Load (0.1ms)[0m  [1m[34mSELECT "products".* FROM "products" WHERE "products"."id" = 1 LIMIT 1 /*action='show',application='OtakuShop',controller='products'*/[0m
  ↳ app/controllers/products_controller.rb:17:in 'ProductsController#show'
  Rendering layout layouts/application.html.erb
  Rendering products/show.html.erb within layouts/application
  Rendered products/show.html.erb within layouts/application (Duration: 1.8ms | GC: 0.0ms)
  Rendered layout layouts/application.html.erb (Duration: 1.9ms | GC: 0.0ms)
Completed 500 Internal Server Error in 11ms (ActiveRecord: 0.1ms (1 query, 0 cached) | GC: 0.0ms)


  
ActionView::Template::Error (undefined method 'nombre' for an instance of Product)
Caused by: NoMethodError (undefined method 'nombre' for an instance of Product)

Information for: ActionView::Template::Error (undefined method 'nombre' for an instance of Product):
    1: <h1><%= @producto.nombre %></h1>
    2: <p>Precio: <%= @producto.precio %></p>
    3: <p>Stock: <%= @producto.stock %></p>
  
app/views/products/show.html.erb:1

Information for cause: NoMethodError (undefined method 'nombre' for an instance of Product):
  
app/views/products/show.html.erb:1
Started GET "/favicon.ico" for 127.0.0.1 at 2025-06-30 17:34:06 -0600
  
ActionController::RoutingError (No route matches [GET] "/favicon.ico"):
  
Started GET "/products/new" for 127.0.0.1 at 2025-06-30 17:34:59 -0600
Processing by ProductsController#new as HTML
  Rendering layout layouts/application.html.erb
  Rendering products/new.html.erb within layouts/application
  Rendered products/new.html.erb within layouts/application (Duration: 1.9ms | GC: 0.7ms)
  Rendered layout layouts/application.html.erb (Duration: 2.5ms | GC: 0.7ms)
Completed 200 OK in 10ms (Views: 3.8ms | ActiveRecord: 0.6ms (0 queries, 0 cached) | GC: 1.1ms)


Started POST "/products" for 127.0.0.1 at 2025-06-30 17:35:32 -0600
Processing by ProductsController#create as HTML
  Parameters: {"authenticity_token" => "[FILTERED]", "product" => {"name" => "Camiseta", "price" => "5000", "description" => "Camiseta dragon ball negra hombre talla M", "stock" => "20"}, "commit" => "Guardar Producto"}
  [1m[36mTRANSACTION (0.1ms)[0m  [1m[35mBEGIN immediate TRANSACTION /*action='create',application='OtakuShop',controller='products'*/[0m
  ↳ app/controllers/products_controller.rb:9:in 'ProductsController#create'
  [1m[36mProduct Create (0.8ms)[0m  [1m[32mINSERT INTO "products" ("name", "price", "description", "stock", "created_at", "updated_at") VALUES ('Camiseta', 5000.0, 'Camiseta dragon ball negra hombre talla M', 20, '2025-06-30 23:35:32.938608', '2025-06-30 23:35:32.938608') RETURNING "id" /*action='create',application='OtakuShop',controller='products'*/[0m
  ↳ app/controllers/products_controller.rb:9:in 'ProductsController#create'
  [1m[36mTRANSACTION (5.1ms)[0m  [1m[35mCOMMIT TRANSACTION /*action='create',application='OtakuShop',controller='products'*/[0m
  ↳ app/controllers/products_controller.rb:9:in 'ProductsController#create'
Redirected to http://localhost:3000/products/2
Completed 302 Found in 11ms (ActiveRecord: 5.9ms (1 query, 0 cached) | GC: 0.0ms)


Started GET "/products/2" for 127.0.0.1 at 2025-06-30 17:35:32 -0600
Processing by ProductsController#show as HTML
  Parameters: {"id" => "2"}
  [1m[36mProduct Load (0.3ms)[0m  [1m[34mSELECT "products".* FROM "products" WHERE "products"."id" = 2 LIMIT 1 /*action='show',application='OtakuShop',controller='products'*/[0m
  ↳ app/controllers/products_controller.rb:17:in 'ProductsController#show'
  Rendering layout layouts/application.html.erb
  Rendering products/show.html.erb within layouts/application
  Rendered products/show.html.erb within layouts/application (Duration: 1.7ms | GC: 0.0ms)
  Rendered layout layouts/application.html.erb (Duration: 2.2ms | GC: 0.0ms)
Completed 500 Internal Server Error in 14ms (ActiveRecord: 0.3ms (1 query, 0 cached) | GC: 0.0ms)


  
ActionView::Template::Error (undefined method 'name' for nil)
Caused by: NoMethodError (undefined method 'name' for nil)

Information for: ActionView::Template::Error (undefined method 'name' for nil):
    1: <h1><%= @product.name %></h1>
    2: <p>Precio: <%= @product.price %></p>
    3: <p>Descripción: <%= @product.description %></p>
    4: <p>Stock: <%= @product.stock %></p>
  
app/views/products/show.html.erb:1

Information for cause: NoMethodError (undefined method 'name' for nil):
  
app/views/products/show.html.erb:1
Started GET "/favicon.ico" for 127.0.0.1 at 2025-06-30 17:35:33 -0600
  
ActionController::RoutingError (No route matches [GET] "/favicon.ico"):
  
Started GET "/products/show" for 127.0.0.1 at 2025-06-30 17:38:16 -0600
Processing by ProductsController#show as HTML
  Parameters: {"id" => "show"}
  [1m[36mProduct Load (0.1ms)[0m  [1m[34mSELECT "products".* FROM "products" WHERE "products"."id" = NULL LIMIT 1 /*action='show',application='OtakuShop',controller='products'*/[0m
  ↳ app/controllers/products_controller.rb:17:in 'ProductsController#show'
Completed 404 Not Found in 7ms (ActiveRecord: 0.1ms (1 query, 0 cached) | GC: 0.0ms)


  
ActiveRecord::RecordNotFound (Couldn't find Product with 'id'=show):
  
app/controllers/products_controller.rb:17:in 'ProductsController#show'
Started GET "/products/new" for 127.0.0.1 at 2025-06-30 17:38:38 -0600
Processing by ProductsController#new as HTML
  Rendering layout layouts/application.html.erb
  Rendering products/new.html.erb within layouts/application
  Rendered products/new.html.erb within layouts/application (Duration: 2.2ms | GC: 1.1ms)
  Rendered layout layouts/application.html.erb (Duration: 2.6ms | GC: 1.1ms)
Completed 200 OK in 6ms (Views: 2.8ms | ActiveRecord: 0.0ms (0 queries, 0 cached) | GC: 1.4ms)


Started GET "/products/new" for 127.0.0.1 at 2025-06-30 19:18:48 -0600
  [1m[36mActiveRecord::SchemaMigration Load (0.1ms)[0m  [1m[34mSELECT "schema_migrations"."version" FROM "schema_migrations" ORDER BY "schema_migrations"."version" ASC /*application='OtakuShop'*/[0m
Processing by ProductsController#new as HTML
  Rendering layout layouts/application.html.erb
  Rendering products/new.html.erb within layouts/application
  Rendered products/new.html.erb within layouts/application (Duration: 3.3ms | GC: 0.0ms)
  Rendered layout layouts/application.html.erb (Duration: 4.8ms | GC: 0.0ms)
Completed 200 OK in 21ms (Views: 5.9ms | ActiveRecord: 0.8ms (0 queries, 0 cached) | GC: 0.4ms)


Started GET "/assets/application-8b441ae0.css" for 127.0.0.1 at 2025-06-30 19:18:48 -0600
Started GET "/products/show/2" for 127.0.0.1 at 2025-06-30 19:18:56 -0600
  
ActionController::RoutingError (No route matches [GET] "/products/show/2"):
  
Started GET "/favicon.ico" for 127.0.0.1 at 2025-06-30 19:18:56 -0600
  
ActionController::RoutingError (No route matches [GET] "/favicon.ico"):
  
Started GET "/products/1" for 127.0.0.1 at 2025-06-30 19:24:52 -0600
  [1m[36mActiveRecord::SchemaMigration Load (0.1ms)[0m  [1m[34mSELECT "schema_migrations"."version" FROM "schema_migrations" ORDER BY "schema_migrations"."version" ASC /*application='OtakuShop'*/[0m
Processing by ProductsController#show as HTML
  Parameters: {"id" => "1"}
  [1m[36mProduct Load (0.0ms)[0m  [1m[34mSELECT "products".* FROM "products" WHERE "products"."id" = 1 LIMIT 1 /*action='show',application='OtakuShop',controller='products'*/[0m
  ↳ app/controllers/products_controller.rb:17:in 'ProductsController#show'
  Rendering layout layouts/application.html.erb
  Rendering products/show.html.erb within layouts/application
  Rendered products/show.html.erb within layouts/application (Duration: 0.7ms | GC: 0.0ms)
  Rendered layout layouts/application.html.erb (Duration: 0.8ms | GC: 0.0ms)
Completed 500 Internal Server Error in 19ms (ActiveRecord: 0.9ms (1 query, 0 cached) | GC: 0.4ms)


  
ActionView::Template::Error (undefined method 'name' for nil)
Caused by: NoMethodError (undefined method 'name' for nil)

Information for: ActionView::Template::Error (undefined method 'name' for nil):
    1: <h1><%= @product.name %></h1>
    2: <p>Precio: <%= @product.price %></p>
    3: <p>Descripción: <%= @product.description %></p>
    4: <p>Stock: <%= @product.stock %></p>
  
app/views/products/show.html.erb:1

Information for cause: NoMethodError (undefined method 'name' for nil):
  
app/views/products/show.html.erb:1
Started GET "/products/1" for 127.0.0.1 at 2025-06-30 19:28:27 -0600
  [1m[36mActiveRecord::SchemaMigration Load (0.1ms)[0m  [1m[34mSELECT "schema_migrations"."version" FROM "schema_migrations" ORDER BY "schema_migrations"."version" ASC /*application='OtakuShop'*/[0m
Processing by ProductsController#show as HTML
  Parameters: {"id" => "1"}
  [1m[36mProduct Load (0.1ms)[0m  [1m[34mSELECT "products".* FROM "products" WHERE "products"."id" = 1 LIMIT 1 /*action='show',application='OtakuShop',controller='products'*/[0m
  ↳ app/controllers/products_controller.rb:17:in 'ProductsController#show'
  Rendering layout layouts/application.html.erb
  Rendering products/show.html.erb within layouts/application
  Rendered products/show.html.erb within layouts/application (Duration: 0.3ms | GC: 0.0ms)
  Rendered layout layouts/application.html.erb (Duration: 3.7ms | GC: 0.0ms)
Completed 200 OK in 23ms (Views: 4.9ms | ActiveRecord: 0.9ms (1 query, 0 cached) | GC: 0.5ms)


Started GET "/new" for 127.0.0.1 at 2025-06-30 20:40:40 -0600
  [1m[36mActiveRecord::SchemaMigration Load (0.1ms)[0m  [1m[34mSELECT "schema_migrations"."version" FROM "schema_migrations" ORDER BY "schema_migrations"."version" ASC /*application='OtakuShop'*/[0m
  
ActionController::RoutingError (No route matches [GET] "/new"):
  
Started GET "/favicon.ico" for 127.0.0.1 at 2025-06-30 20:40:40 -0600
  
ActionController::RoutingError (No route matches [GET] "/favicon.ico"):
  
Started GET "/products/new" for 127.0.0.1 at 2025-06-30 20:41:04 -0600
Processing by ProductsController#new as HTML
  Rendering layout layouts/application.html.erb
  Rendering products/new.html.erb within layouts/application
  Rendered products/new.html.erb within layouts/application (Duration: 3.7ms | GC: 1.5ms)
  Rendered layout layouts/application.html.erb (Duration: 7.3ms | GC: 3.5ms)
Completed 200 OK in 36ms (Views: 8.2ms | ActiveRecord: 1.3ms (0 queries, 0 cached) | GC: 13.2ms)


Started GET "/assets/application-8b441ae0.css" for 127.0.0.1 at 2025-06-30 20:41:04 -0600
Started GET "/products/2" for 127.0.0.1 at 2025-06-30 20:41:12 -0600
Processing by ProductsController#show as HTML
  Parameters: {"id" => "2"}
  [1m[36mProduct Load (0.2ms)[0m  [1m[34mSELECT "products".* FROM "products" WHERE "products"."id" = 2 LIMIT 1 /*action='show',application='OtakuShop',controller='products'*/[0m
  ↳ app/controllers/products_controller.rb:17:in 'ProductsController#show'
  Rendering layout layouts/application.html.erb
  Rendering products/show.html.erb within layouts/application
  Rendered products/show.html.erb within layouts/application (Duration: 0.8ms | GC: 0.2ms)
  Rendered layout layouts/application.html.erb (Duration: 1.9ms | GC: 0.5ms)
Completed 200 OK in 14ms (Views: 2.2ms | ActiveRecord: 0.2ms (1 query, 0 cached) | GC: 4.4ms)


Started GET "/products/2" for 127.0.0.1 at 2025-06-30 20:41:16 -0600
Processing by ProductsController#show as HTML
  Parameters: {"id" => "2"}
  [1m[36mProduct Load (0.1ms)[0m  [1m[34mSELECT "products".* FROM "products" WHERE "products"."id" = 2 LIMIT 1 /*action='show',application='OtakuShop',controller='products'*/[0m
  ↳ app/controllers/products_controller.rb:17:in 'ProductsController#show'
  Rendering layout layouts/application.html.erb
  Rendering products/show.html.erb within layouts/application
  Rendered products/show.html.erb within layouts/application (Duration: 0.2ms | GC: 0.0ms)
  Rendered layout layouts/application.html.erb (Duration: 0.6ms | GC: 0.0ms)
Completed 200 OK in 7ms (Views: 0.8ms | ActiveRecord: 0.1ms (1 query, 0 cached) | GC: 1.4ms)


Started GET "/products/2" for 127.0.0.1 at 2025-06-30 20:41:25 -0600
Processing by ProductsController#show as HTML
  Parameters: {"id" => "2"}
  [1m[36mProduct Load (0.3ms)[0m  [1m[34mSELECT "products".* FROM "products" WHERE "products"."id" = 2 LIMIT 1 /*action='show',application='OtakuShop',controller='products'*/[0m
  ↳ app/controllers/products_controller.rb:17:in 'ProductsController#show'
  Rendering layout layouts/application.html.erb
  Rendering products/show.html.erb within layouts/application
  Rendered products/show.html.erb within layouts/application (Duration: 0.3ms | GC: 0.0ms)
  Rendered layout layouts/application.html.erb (Duration: 1.2ms | GC: 0.0ms)
Completed 200 OK in 13ms (Views: 1.6ms | ActiveRecord: 0.2ms (1 query, 0 cached) | GC: 0.0ms)


Started GET "/products/new" for 127.0.0.1 at 2025-06-30 20:48:34 -0600
  [1m[36mActiveRecord::SchemaMigration Load (0.1ms)[0m  [1m[34mSELECT "schema_migrations"."version" FROM "schema_migrations" ORDER BY "schema_migrations"."version" ASC /*application='OtakuShop'*/[0m
Processing by ProductsController#new as HTML
  Rendering layout layouts/application.html.erb
  Rendering products/new.html.erb within layouts/application
  Rendered products/new.html.erb within layouts/application (Duration: 4.4ms | GC: 0.0ms)
  Rendered layout layouts/application.html.erb (Duration: 5.2ms | GC: 0.0ms)
Completed 200 OK in 22ms (Views: 6.3ms | ActiveRecord: 0.8ms (0 queries, 0 cached) | GC: 0.4ms)


Started GET "/assets/create_product-d671cf52.css" for 127.0.0.1 at 2025-06-30 20:48:34 -0600
Started GET "/assets/application-8b441ae0.css" for 127.0.0.1 at 2025-06-30 20:48:34 -0600
Started GET "/assets/application-d8a8613a.js" for 127.0.0.1 at 2025-06-30 20:48:34 -0600
Started GET "/" for 127.0.0.1 at 2025-06-30 20:55:07 -0600
  [1m[36mActiveRecord::SchemaMigration Load (0.1ms)[0m  [1m[34mSELECT "schema_migrations"."version" FROM "schema_migrations" ORDER BY "schema_migrations"."version" ASC /*application='OtakuShop'*/[0m
Processing by Rails::WelcomeController#index as HTML
  Rendering /home/casthir/.asdf/installs/ruby/3.4.4/lib/ruby/gems/3.4.0/gems/railties-8.0.2/lib/rails/templates/rails/welcome/index.html.erb
  Rendered /home/casthir/.asdf/installs/ruby/3.4.4/lib/ruby/gems/3.4.0/gems/railties-8.0.2/lib/rails/templates/rails/welcome/index.html.erb (Duration: 0.3ms | GC: 0.0ms)
Completed 200 OK in 8ms (Views: 1.2ms | ActiveRecord: 0.0ms (0 queries, 0 cached) | GC: 0.0ms)


Started GET "/" for 127.0.0.1 at 2025-06-30 20:55:35 -0600
  [1m[36mActiveRecord::SchemaMigration Load (0.1ms)[0m  [1m[34mSELECT "schema_migrations"."version" FROM "schema_migrations" ORDER BY "schema_migrations"."version" ASC /*application='OtakuShop'*/[0m
Processing by HomeController#index as HTML
  Rendering layout layouts/application.html.erb
  Rendering home/index.html.erb within layouts/application
  Rendered home/index.html.erb within layouts/application (Duration: 0.2ms | GC: 0.0ms)
  Rendered layout layouts/application.html.erb (Duration: 3.6ms | GC: 0.0ms)
Completed 200 OK in 14ms (Views: 4.8ms | ActiveRecord: 0.0ms (0 queries, 0 cached) | GC: 0.1ms)


Started GET "/" for 127.0.0.1 at 2025-06-30 20:59:24 -0600
  [1m[36mActiveRecord::SchemaMigration Load (0.1ms)[0m  [1m[34mSELECT "schema_migrations"."version" FROM "schema_migrations" ORDER BY "schema_migrations"."version" ASC /*application='OtakuShop'*/[0m
Processing by HomeController#index as HTML
  Rendering layout layouts/application.html.erb
  Rendering home/index.html.erb within layouts/application
  Rendered home/index.html.erb within layouts/application (Duration: 0.3ms | GC: 0.0ms)
  Rendered layout layouts/application.html.erb (Duration: 3.7ms | GC: 0.0ms)
Completed 200 OK in 13ms (Views: 4.8ms | ActiveRecord: 0.0ms (0 queries, 0 cached) | GC: 0.4ms)


Started GET "/products/new" for 127.0.0.1 at 2025-06-30 20:59:26 -0600
Processing by ProductsController#new as HTML
  Rendering layout layouts/application.html.erb
  Rendering products/new.html.erb within layouts/application
  Rendered products/new.html.erb within layouts/application (Duration: 2.0ms | GC: 0.0ms)
  Rendered layout layouts/application.html.erb (Duration: 2.4ms | GC: 0.0ms)
Completed 200 OK in 19ms (Views: 2.6ms | ActiveRecord: 0.8ms (0 queries, 0 cached) | GC: 0.0ms)


Started GET "/" for 127.0.0.1 at 2025-06-30 21:33:10 -0600
  [1m[36mActiveRecord::SchemaMigration Load (0.1ms)[0m  [1m[34mSELECT "schema_migrations"."version" FROM "schema_migrations" ORDER BY "schema_migrations"."version" ASC /*application='OtakuShop'*/[0m
Processing by HomeController#index as HTML
  Rendering layout layouts/application.html.erb
  Rendering home/index.html.erb within layouts/application
  Rendered home/index.html.erb within layouts/application (Duration: 0.3ms | GC: 0.0ms)
  Rendered layout layouts/application.html.erb (Duration: 3.7ms | GC: 0.0ms)
Completed 200 OK in 13ms (Views: 4.8ms | ActiveRecord: 0.0ms (0 queries, 0 cached) | GC: 0.1ms)


Started GET "/products/new" for 127.0.0.1 at 2025-06-30 21:33:12 -0600
Processing by ProductsController#new as HTML
  Rendering layout layouts/application.html.erb
  Rendering products/new.html.erb within layouts/application
  Rendered products/new.html.erb within layouts/application (Duration: 2.0ms | GC: 0.0ms)
  Rendered layout layouts/application.html.erb (Duration: 2.4ms | GC: 0.0ms)
Completed 200 OK in 21ms (Views: 2.6ms | ActiveRecord: 0.9ms (0 queries, 0 cached) | GC: 0.0ms)


Started GET "/products/index" for 127.0.0.1 at 2025-06-30 21:33:19 -0600
Processing by ProductsController#show as HTML
  Parameters: {"id" => "index"}
  [1m[36mProduct Load (0.2ms)[0m  [1m[34mSELECT "products".* FROM "products" WHERE "products"."id" = NULL LIMIT 1 /*action='show',application='OtakuShop',controller='products'*/[0m
  ↳ app/controllers/products_controller.rb:17:in 'ProductsController#show'
Completed 404 Not Found in 15ms (ActiveRecord: 0.2ms (1 query, 0 cached) | GC: 0.0ms)


  
ActiveRecord::RecordNotFound (Couldn't find Product with 'id'=index):
  
app/controllers/products_controller.rb:17:in 'ProductsController#show'
Started GET "/favicon.ico" for 127.0.0.1 at 2025-06-30 21:33:19 -0600
  
ActionController::RoutingError (No route matches [GET] "/favicon.ico"):
  
Started GET "/products" for 127.0.0.1 at 2025-06-30 21:35:36 -0600
Processing by ProductsController#index as HTML
  Rendering layout layouts/application.html.erb
  Rendering products/index.html.erb within layouts/application
  [1m[36mProduct Load (0.1ms)[0m  [1m[34mSELECT "products".* FROM "products" /*action='index',application='OtakuShop',controller='products'*/[0m
  ↳ app/views/products/index.html.erb:6
  Rendered products/index.html.erb within layouts/application (Duration: 1.5ms | GC: 0.0ms)
  Rendered layout layouts/application.html.erb (Duration: 2.1ms | GC: 0.0ms)
Completed 200 OK in 7ms (Views: 2.2ms | ActiveRecord: 0.1ms (1 query, 0 cached) | GC: 0.0ms)


Started GET "/products/2" for 127.0.0.1 at 2025-06-30 21:36:51 -0600
Processing by ProductsController#show as HTML
  Parameters: {"id" => "2"}
  [1m[36mProduct Load (0.1ms)[0m  [1m[34mSELECT "products".* FROM "products" WHERE "products"."id" = 2 LIMIT 1 /*action='show',application='OtakuShop',controller='products'*/[0m
  ↳ app/controllers/products_controller.rb:17:in 'ProductsController#show'
  Rendering layout layouts/application.html.erb
  Rendering products/show.html.erb within layouts/application
  Rendered products/show.html.erb within layouts/application (Duration: 0.5ms | GC: 0.0ms)
  Rendered layout layouts/application.html.erb (Duration: 1.2ms | GC: 0.0ms)
Completed 200 OK in 8ms (Views: 1.4ms | ActiveRecord: 0.1ms (1 query, 0 cached) | GC: 0.0ms)


Started GET "/products/2" for 127.0.0.1 at 2025-06-30 21:36:55 -0600
Processing by ProductsController#show as HTML
  Parameters: {"id" => "2"}
  [1m[36mProduct Load (0.1ms)[0m  [1m[34mSELECT "products".* FROM "products" WHERE "products"."id" = 2 LIMIT 1 /*action='show',application='OtakuShop',controller='products'*/[0m
  ↳ app/controllers/products_controller.rb:17:in 'ProductsController#show'
  Rendering layout layouts/application.html.erb
  Rendering products/show.html.erb within layouts/application
  Rendered products/show.html.erb within layouts/application (Duration: 0.2ms | GC: 0.0ms)
  Rendered layout layouts/application.html.erb (Duration: 1.0ms | GC: 0.0ms)
Completed 200 OK in 10ms (Views: 1.3ms | ActiveRecord: 0.1ms (1 query, 0 cached) | GC: 0.0ms)


Started GET "/products" for 127.0.0.1 at 2025-06-30 21:37:02 -0600
Processing by ProductsController#index as HTML
  Rendering layout layouts/application.html.erb
  Rendering products/index.html.erb within layouts/application
  [1m[36mProduct Load (0.1ms)[0m  [1m[34mSELECT "products".* FROM "products" /*action='index',application='OtakuShop',controller='products'*/[0m
  ↳ app/views/products/index.html.erb:6
  Rendered products/index.html.erb within layouts/application (Duration: 0.9ms | GC: 0.0ms)
  Rendered layout layouts/application.html.erb (Duration: 1.4ms | GC: 0.0ms)
Completed 200 OK in 4ms (Views: 1.6ms | ActiveRecord: 0.1ms (1 query, 0 cached) | GC: 0.0ms)


Started GET "/products" for 127.0.0.1 at 2025-06-30 21:37:04 -0600
Processing by ProductsController#index as HTML
  Rendering layout layouts/application.html.erb
  Rendering products/index.html.erb within layouts/application
  [1m[36mProduct Load (0.1ms)[0m  [1m[34mSELECT "products".* FROM "products" /*action='index',application='OtakuShop',controller='products'*/[0m
  ↳ app/views/products/index.html.erb:6
  Rendered products/index.html.erb within layouts/application (Duration: 0.9ms | GC: 0.0ms)
  Rendered layout layouts/application.html.erb (Duration: 1.4ms | GC: 0.0ms)
Completed 200 OK in 4ms (Views: 1.5ms | ActiveRecord: 0.1ms (1 query, 0 cached) | GC: 0.0ms)


Started GET "/products" for 127.0.0.1 at 2025-06-30 21:38:54 -0600
  [1m[36mActiveRecord::SchemaMigration Load (0.1ms)[0m  [1m[34mSELECT "schema_migrations"."version" FROM "schema_migrations" ORDER BY "schema_migrations"."version" ASC /*application='OtakuShop'*/[0m
Processing by ProductsController#index as HTML
  Rendering layout layouts/application.html.erb
  Rendering products/index.html.erb within layouts/application
  [1m[36mProduct Load (0.4ms)[0m  [1m[34mSELECT "products".* FROM "products" /*action='index',application='OtakuShop',controller='products'*/[0m
  ↳ app/views/products/index.html.erb:6
  Rendered products/index.html.erb within layouts/application (Duration: 4.5ms | GC: 0.0ms)
  Rendered layout layouts/application.html.erb (Duration: 8.3ms | GC: 0.0ms)
Completed 200 OK in 23ms (Views: 8.6ms | ActiveRecord: 0.8ms (1 query, 0 cached) | GC: 0.1ms)


Started GET "/" for 127.0.0.1 at 2025-06-30 21:38:58 -0600
Processing by HomeController#index as HTML
  Rendering layout layouts/application.html.erb
  Rendering home/index.html.erb within layouts/application
  Rendered home/index.html.erb within layouts/application (Duration: 0.3ms | GC: 0.0ms)
  Rendered layout layouts/application.html.erb (Duration: 0.9ms | GC: 0.0ms)
Completed 200 OK in 4ms (Views: 1.2ms | ActiveRecord: 0.0ms (0 queries, 0 cached) | GC: 0.0ms)


Started GET "/products/new" for 127.0.0.1 at 2025-06-30 21:39:01 -0600
Processing by ProductsController#new as HTML
  Rendering layout layouts/application.html.erb
  Rendering products/new.html.erb within layouts/application
  Rendered products/new.html.erb within layouts/application (Duration: 3.5ms | GC: 0.0ms)
  Rendered layout layouts/application.html.erb (Duration: 4.0ms | GC: 0.0ms)
Completed 200 OK in 13ms (Views: 4.3ms | ActiveRecord: 0.0ms (0 queries, 0 cached) | GC: 0.0ms)


Started GET "/products/" for 127.0.0.1 at 2025-06-30 21:39:12 -0600
Processing by ProductsController#index as HTML
  Rendering layout layouts/application.html.erb
  Rendering products/index.html.erb within layouts/application
  [1m[36mProduct Load (0.1ms)[0m  [1m[34mSELECT "products".* FROM "products" /*action='index',application='OtakuShop',controller='products'*/[0m
  ↳ app/views/products/index.html.erb:6
  Rendered products/index.html.erb within layouts/application (Duration: 1.0ms | GC: 0.0ms)
  Rendered layout layouts/application.html.erb (Duration: 1.5ms | GC: 0.0ms)
Completed 200 OK in 4ms (Views: 1.7ms | ActiveRecord: 0.1ms (1 query, 0 cached) | GC: 0.0ms)


Started GET "/products/new" for 127.0.0.1 at 2025-06-30 21:39:20 -0600
Processing by ProductsController#new as HTML
  Rendering layout layouts/application.html.erb
  Rendering products/new.html.erb within layouts/application
  Rendered products/new.html.erb within layouts/application (Duration: 1.1ms | GC: 0.0ms)
  Rendered layout layouts/application.html.erb (Duration: 1.5ms | GC: 0.0ms)
Completed 200 OK in 7ms (Views: 1.7ms | ActiveRecord: 0.0ms (0 queries, 0 cached) | GC: 0.0ms)


Started GET "/" for 127.0.0.1 at 2025-06-30 21:48:01 -0600
  [1m[36mActiveRecord::SchemaMigration Load (0.1ms)[0m  [1m[34mSELECT "schema_migrations"."version" FROM "schema_migrations" ORDER BY "schema_migrations"."version" ASC /*application='OtakuShop'*/[0m
Processing by HomeController#index as HTML
  Rendering layout layouts/application.html.erb
  Rendering home/index.html.erb within layouts/application
  Rendered home/index.html.erb within layouts/application (Duration: 0.3ms | GC: 0.0ms)
  Rendered layout layouts/application.html.erb (Duration: 3.9ms | GC: 0.0ms)
Completed 200 OK in 14ms (Views: 4.9ms | ActiveRecord: 0.0ms (0 queries, 0 cached) | GC: 0.1ms)


Started GET "/assets/product_create-d671cf52.css" for 127.0.0.1 at 2025-06-30 21:48:01 -0600
Started GET "/assets/product_index-54e4e441.css" for 127.0.0.1 at 2025-06-30 21:48:01 -0600
Started GET "/products/" for 127.0.0.1 at 2025-06-30 21:48:11 -0600
Processing by ProductsController#index as HTML
  Rendering layout layouts/application.html.erb
  Rendering products/index.html.erb within layouts/application
  [1m[36mProduct Load (0.5ms)[0m  [1m[34mSELECT "products".* FROM "products" /*action='index',application='OtakuShop',controller='products'*/[0m
  ↳ app/views/products/index.html.erb:6
  Rendered products/index.html.erb within layouts/application (Duration: 4.4ms | GC: 0.0ms)
  Rendered layout layouts/application.html.erb (Duration: 5.0ms | GC: 0.0ms)
Completed 200 OK in 20ms (Views: 4.4ms | ActiveRecord: 0.9ms (1 query, 0 cached) | GC: 0.0ms)


Started GET "/products/1" for 127.0.0.1 at 2025-06-30 21:48:20 -0600
Processing by ProductsController#show as HTML
  Parameters: {"id" => "1"}
  [1m[36mProduct Load (0.3ms)[0m  [1m[34mSELECT "products".* FROM "products" WHERE "products"."id" = 1 LIMIT 1 /*action='show',application='OtakuShop',controller='products'*/[0m
  ↳ app/controllers/products_controller.rb:17:in 'ProductsController#show'
  Rendering layout layouts/application.html.erb
  Rendering products/show.html.erb within layouts/application
  Rendered products/show.html.erb within layouts/application (Duration: 0.5ms | GC: 0.0ms)
  Rendered layout layouts/application.html.erb (Duration: 1.1ms | GC: 0.0ms)
Completed 200 OK in 17ms (Views: 1.4ms | ActiveRecord: 0.2ms (1 query, 0 cached) | GC: 0.0ms)


Started GET "/products/" for 127.0.0.1 at 2025-06-30 21:51:45 -0600
  [1m[36mActiveRecord::SchemaMigration Load (0.4ms)[0m  [1m[34mSELECT "schema_migrations"."version" FROM "schema_migrations" ORDER BY "schema_migrations"."version" ASC /*application='OtakuShop'*/[0m
Processing by ProductsController#index as HTML
  Rendering layout layouts/application.html.erb
  Rendering products/index.html.erb within layouts/application
  [1m[36mProduct Load (0.4ms)[0m  [1m[34mSELECT "products".* FROM "products" /*action='index',application='OtakuShop',controller='products'*/[0m
  ↳ app/views/products/index.html.erb:6
  Rendered products/index.html.erb within layouts/application (Duration: 4.5ms | GC: 0.0ms)
  Rendered layout layouts/application.html.erb (Duration: 8.2ms | GC: 0.0ms)
Completed 200 OK in 22ms (Views: 8.5ms | ActiveRecord: 0.8ms (1 query, 0 cached) | GC: 0.1ms)


Started GET "/assets/product_show-514c852a.css" for 127.0.0.1 at 2025-06-30 21:51:45 -0600
Started GET "/" for 127.0.0.1 at 2025-06-30 21:51:51 -0600
Processing by HomeController#index as HTML
  Rendering layout layouts/application.html.erb
  Rendering home/index.html.erb within layouts/application
  Rendered home/index.html.erb within layouts/application (Duration: 0.3ms | GC: 0.0ms)
  Rendered layout layouts/application.html.erb (Duration: 0.9ms | GC: 0.0ms)
Completed 200 OK in 4ms (Views: 1.1ms | ActiveRecord: 0.0ms (0 queries, 0 cached) | GC: 0.0ms)


Started GET "/products/new" for 127.0.0.1 at 2025-06-30 21:51:53 -0600
Processing by ProductsController#new as HTML
  Rendering layout layouts/application.html.erb
  Rendering products/new.html.erb within layouts/application
  Rendered products/new.html.erb within layouts/application (Duration: 2.1ms | GC: 0.0ms)
  Rendered layout layouts/application.html.erb (Duration: 2.5ms | GC: 0.0ms)
Completed 200 OK in 6ms (Views: 2.7ms | ActiveRecord: 0.0ms (0 queries, 0 cached) | GC: 0.0ms)


Started GET "/products/" for 127.0.0.1 at 2025-06-30 21:52:00 -0600
Processing by ProductsController#index as HTML
  Rendering layout layouts/application.html.erb
  Rendering products/index.html.erb within layouts/application
  [1m[36mProduct Load (0.2ms)[0m  [1m[34mSELECT "products".* FROM "products" /*action='index',application='OtakuShop',controller='products'*/[0m
  ↳ app/views/products/index.html.erb:6
  Rendered products/index.html.erb within layouts/application (Duration: 1.7ms | GC: 0.0ms)
  Rendered layout layouts/application.html.erb (Duration: 2.6ms | GC: 0.0ms)
Completed 200 OK in 9ms (Views: 2.8ms | ActiveRecord: 0.2ms (1 query, 0 cached) | GC: 0.0ms)


Started GET "/products/new" for 127.0.0.1 at 2025-06-30 21:52:02 -0600
Processing by ProductsController#new as HTML
  Rendering layout layouts/application.html.erb
  Rendering products/new.html.erb within layouts/application
  Rendered products/new.html.erb within layouts/application (Duration: 1.1ms | GC: 0.0ms)
  Rendered layout layouts/application.html.erb (Duration: 1.6ms | GC: 0.0ms)
Completed 200 OK in 5ms (Views: 1.8ms | ActiveRecord: 0.0ms (0 queries, 0 cached) | GC: 0.0ms)


Started GET "/products/1" for 127.0.0.1 at 2025-06-30 21:52:17 -0600
Processing by ProductsController#show as HTML
  Parameters: {"id" => "1"}
  [1m[36mProduct Load (0.1ms)[0m  [1m[34mSELECT "products".* FROM "products" WHERE "products"."id" = 1 LIMIT 1 /*action='show',application='OtakuShop',controller='products'*/[0m
  ↳ app/controllers/products_controller.rb:17:in 'ProductsController#show'
  Rendering layout layouts/application.html.erb
  Rendering products/show.html.erb within layouts/application
  Rendered products/show.html.erb within layouts/application (Duration: 0.4ms | GC: 0.0ms)
  Rendered layout layouts/application.html.erb (Duration: 1.0ms | GC: 0.0ms)
Completed 200 OK in 18ms (Views: 1.2ms | ActiveRecord: 0.1ms (1 query, 0 cached) | GC: 0.0ms)


Started GET "/products/1" for 127.0.0.1 at 2025-06-30 21:52:26 -0600
Processing by ProductsController#show as HTML
  Parameters: {"id" => "1"}
  [1m[36mProduct Load (0.1ms)[0m  [1m[34mSELECT "products".* FROM "products" WHERE "products"."id" = 1 LIMIT 1 /*action='show',application='OtakuShop',controller='products'*/[0m
  ↳ app/controllers/products_controller.rb:17:in 'ProductsController#show'
  Rendering layout layouts/application.html.erb
  Rendering products/show.html.erb within layouts/application
  Rendered products/show.html.erb within layouts/application (Duration: 0.3ms | GC: 0.0ms)
  Rendered layout layouts/application.html.erb (Duration: 1.4ms | GC: 0.0ms)
Completed 200 OK in 7ms (Views: 1.7ms | ActiveRecord: 0.1ms (1 query, 0 cached) | GC: 0.0ms)


Started GET "/products/" for 127.0.0.1 at 2025-06-30 21:56:55 -0600
  [1m[36mActiveRecord::SchemaMigration Load (0.1ms)[0m  [1m[34mSELECT "schema_migrations"."version" FROM "schema_migrations" ORDER BY "schema_migrations"."version" ASC /*application='OtakuShop'*/[0m
Processing by ProductsController#index as HTML
  Rendering layout layouts/application.html.erb
  Rendering products/index.html.erb within layouts/application
  [1m[36mProduct Load (0.5ms)[0m  [1m[34mSELECT "products".* FROM "products" /*action='index',application='OtakuShop',controller='products'*/[0m
  ↳ app/views/products/index.html.erb:6
  Rendered products/index.html.erb within layouts/application (Duration: 4.5ms | GC: 0.0ms)
  Rendered layout layouts/application.html.erb (Duration: 8.3ms | GC: 0.0ms)
Completed 200 OK in 23ms (Views: 8.6ms | ActiveRecord: 0.9ms (1 query, 0 cached) | GC: 0.2ms)


Started GET "/products/1/edit" for 127.0.0.1 at 2025-06-30 21:56:57 -0600
Processing by ProductsController#edit as HTML
  Parameters: {"id" => "1"}
  [1m[36mProduct Load (0.2ms)[0m  [1m[34mSELECT "products".* FROM "products" WHERE "products"."id" = 1 LIMIT 1 /*action='edit',application='OtakuShop',controller='products'*/[0m
  ↳ app/controllers/products_controller.rb:31:in 'ProductsController#edit'
  Rendering layout layouts/application.html.erb
  Rendering products/edit.html.erb within layouts/application
  Rendered products/edit.html.erb within layouts/application (Duration: 3.2ms | GC: 0.0ms)
  Rendered layout layouts/application.html.erb (Duration: 3.6ms | GC: 0.0ms)
Completed 200 OK in 20ms (Views: 4.0ms | ActiveRecord: 0.2ms (1 query, 0 cached) | GC: 0.0ms)


Started PATCH "/products/1" for 127.0.0.1 at 2025-06-30 21:57:26 -0600
Processing by ProductsController#update as HTML
  Parameters: {"authenticity_token" => "[FILTERED]", "product" => {"name" => "Camiseta anime", "price" => "5500.0", "description" => "Camiseta de dragon ball negra de hombre talla M", "stock" => "15"}, "commit" => "Actualizar Producto", "id" => "1"}
  [1m[36mProduct Load (0.1ms)[0m  [1m[34mSELECT "products".* FROM "products" WHERE "products"."id" = 1 LIMIT 1 /*action='update',application='OtakuShop',controller='products'*/[0m
  ↳ app/controllers/products_controller.rb:35:in 'ProductsController#update'
  [1m[36mTRANSACTION (0.0ms)[0m  [1m[35mBEGIN immediate TRANSACTION /*action='update',application='OtakuShop',controller='products'*/[0m
  ↳ app/controllers/products_controller.rb:36:in 'ProductsController#update'
  [1m[36mProduct Update (0.6ms)[0m  [1m[33mUPDATE "products" SET "name" = 'Camiseta anime', "price" = 5500.0, "stock" = 15, "updated_at" = '2025-07-01 03:57:26.164971' WHERE "products"."id" = 1 /*action='update',application='OtakuShop',controller='products'*/[0m
  ↳ app/controllers/products_controller.rb:36:in 'ProductsController#update'
  [1m[36mTRANSACTION (1.3ms)[0m  [1m[35mCOMMIT TRANSACTION /*action='update',application='OtakuShop',controller='products'*/[0m
  ↳ app/controllers/products_controller.rb:36:in 'ProductsController#update'
Redirected to http://localhost:3000/products/1
Completed 302 Found in 8ms (ActiveRecord: 2.0ms (2 queries, 0 cached) | GC: 0.0ms)


Started GET "/products/1" for 127.0.0.1 at 2025-06-30 21:57:26 -0600
Processing by ProductsController#show as HTML
  Parameters: {"id" => "1"}
  [1m[36mProduct Load (0.1ms)[0m  [1m[34mSELECT "products".* FROM "products" WHERE "products"."id" = 1 LIMIT 1 /*action='show',application='OtakuShop',controller='products'*/[0m
  ↳ app/controllers/products_controller.rb:17:in 'ProductsController#show'
  Rendering layout layouts/application.html.erb
  Rendering products/show.html.erb within layouts/application
  Rendered products/show.html.erb within layouts/application (Duration: 0.3ms | GC: 0.0ms)
  Rendered layout layouts/application.html.erb (Duration: 0.9ms | GC: 0.0ms)
Completed 200 OK in 4ms (Views: 1.0ms | ActiveRecord: 0.1ms (1 query, 0 cached) | GC: 0.0ms)


Started GET "/products/" for 127.0.0.1 at 2025-06-30 21:57:50 -0600
Processing by ProductsController#index as HTML
  Rendering layout layouts/application.html.erb
  Rendering products/index.html.erb within layouts/application
  [1m[36mProduct Load (0.1ms)[0m  [1m[34mSELECT "products".* FROM "products" /*action='index',application='OtakuShop',controller='products'*/[0m
  ↳ app/views/products/index.html.erb:6
  Rendered products/index.html.erb within layouts/application (Duration: 1.0ms | GC: 0.0ms)
  Rendered layout layouts/application.html.erb (Duration: 1.6ms | GC: 0.0ms)
Completed 200 OK in 4ms (Views: 1.8ms | ActiveRecord: 0.1ms (1 query, 0 cached) | GC: 0.0ms)


Started GET "/products/1" for 127.0.0.1 at 2025-06-30 21:57:53 -0600
Processing by ProductsController#show as HTML
  Parameters: {"id" => "1"}
  [1m[36mProduct Load (0.1ms)[0m  [1m[34mSELECT "products".* FROM "products" WHERE "products"."id" = 1 LIMIT 1 /*action='show',application='OtakuShop',controller='products'*/[0m
  ↳ app/controllers/products_controller.rb:17:in 'ProductsController#show'
  Rendering layout layouts/application.html.erb
  Rendering products/show.html.erb within layouts/application
  Rendered products/show.html.erb within layouts/application (Duration: 0.2ms | GC: 0.0ms)
  Rendered layout layouts/application.html.erb (Duration: 0.9ms | GC: 0.0ms)
Completed 200 OK in 8ms (Views: 1.1ms | ActiveRecord: 0.1ms (1 query, 0 cached) | GC: 0.0ms)


Started GET "/products/2" for 127.0.0.1 at 2025-06-30 21:57:56 -0600
Processing by ProductsController#show as HTML
  Parameters: {"id" => "2"}
  [1m[36mProduct Load (0.1ms)[0m  [1m[34mSELECT "products".* FROM "products" WHERE "products"."id" = 2 LIMIT 1 /*action='show',application='OtakuShop',controller='products'*/[0m
  ↳ app/controllers/products_controller.rb:17:in 'ProductsController#show'
  Rendering layout layouts/application.html.erb
  Rendering products/show.html.erb within layouts/application
  Rendered products/show.html.erb within layouts/application (Duration: 0.2ms | GC: 0.0ms)
  Rendered layout layouts/application.html.erb (Duration: 1.1ms | GC: 0.0ms)
Completed 200 OK in 6ms (Views: 1.4ms | ActiveRecord: 0.1ms (1 query, 0 cached) | GC: 0.0ms)


Started GET "/products/" for 127.0.0.1 at 2025-06-30 22:00:25 -0600
  [1m[36mActiveRecord::SchemaMigration Load (0.1ms)[0m  [1m[34mSELECT "schema_migrations"."version" FROM "schema_migrations" ORDER BY "schema_migrations"."version" ASC /*application='OtakuShop'*/[0m
Processing by ProductsController#index as HTML
  Rendering layout layouts/application.html.erb
  Rendering products/index.html.erb within layouts/application
  [1m[36mProduct Load (0.4ms)[0m  [1m[34mSELECT "products".* FROM "products" /*action='index',application='OtakuShop',controller='products'*/[0m
  ↳ app/views/products/index.html.erb:6
  Rendered products/index.html.erb within layouts/application (Duration: 4.4ms | GC: 0.0ms)
  Rendered layout layouts/application.html.erb (Duration: 8.2ms | GC: 0.0ms)
Completed 200 OK in 22ms (Views: 8.3ms | ActiveRecord: 0.8ms (1 query, 0 cached) | GC: 0.1ms)


Started GET "/assets/product_show-e98c807b.css" for 127.0.0.1 at 2025-06-30 22:00:25 -0600
Started GET "/products/1" for 127.0.0.1 at 2025-06-30 22:00:27 -0600
Processing by ProductsController#show as HTML
  Parameters: {"id" => "1"}
  [1m[36mProduct Load (0.2ms)[0m  [1m[34mSELECT "products".* FROM "products" WHERE "products"."id" = 1 LIMIT 1 /*action='show',application='OtakuShop',controller='products'*/[0m
  ↳ app/controllers/products_controller.rb:17:in 'ProductsController#show'
  Rendering layout layouts/application.html.erb
  Rendering products/show.html.erb within layouts/application
  Rendered products/show.html.erb within layouts/application (Duration: 0.9ms | GC: 0.0ms)
  Rendered layout layouts/application.html.erb (Duration: 2.3ms | GC: 0.0ms)
Completed 200 OK in 18ms (Views: 2.8ms | ActiveRecord: 0.2ms (1 query, 0 cached) | GC: 0.0ms)


Started GET "/products" for 127.0.0.1 at 2025-06-30 22:00:34 -0600
Processing by ProductsController#index as HTML
  Rendering layout layouts/application.html.erb
  Rendering products/index.html.erb within layouts/application
  [1m[36mProduct Load (0.1ms)[0m  [1m[34mSELECT "products".* FROM "products" /*action='index',application='OtakuShop',controller='products'*/[0m
  ↳ app/views/products/index.html.erb:6
  Rendered products/index.html.erb within layouts/application (Duration: 0.9ms | GC: 0.0ms)
  Rendered layout layouts/application.html.erb (Duration: 1.4ms | GC: 0.0ms)
Completed 200 OK in 5ms (Views: 1.5ms | ActiveRecord: 0.1ms (1 query, 0 cached) | GC: 0.0ms)


Started GET "/products/new" for 127.0.0.1 at 2025-06-30 22:00:48 -0600
Processing by ProductsController#new as HTML
  Rendering layout layouts/application.html.erb
  Rendering products/new.html.erb within layouts/application
  Rendered products/new.html.erb within layouts/application (Duration: 2.0ms | GC: 0.0ms)
  Rendered layout layouts/application.html.erb (Duration: 2.3ms | GC: 0.0ms)
Completed 200 OK in 5ms (Views: 2.5ms | ActiveRecord: 0.0ms (0 queries, 0 cached) | GC: 0.0ms)


Started GET "/" for 127.0.0.1 at 2025-06-30 22:00:58 -0600
Processing by HomeController#index as HTML
  Rendering layout layouts/application.html.erb
  Rendering home/index.html.erb within layouts/application
  Rendered home/index.html.erb within layouts/application (Duration: 0.3ms | GC: 0.0ms)
  Rendered layout layouts/application.html.erb (Duration: 0.9ms | GC: 0.0ms)
Completed 200 OK in 4ms (Views: 1.2ms | ActiveRecord: 0.0ms (0 queries, 0 cached) | GC: 0.0ms)


